2022-11-28T08:48:57.643207Z 0 [Warning] TIMESTAMP with implicit DEFAULT value is deprecated. Please use --explicit_defaults_for_timestamp server option (see documentation for more details).
2022-11-28T08:48:57.643207Z 0 [Warning] 'NO_ZERO_DATE', 'NO_ZERO_IN_DATE' and 'ERROR_FOR_DIVISION_BY_ZERO' sql modes should be used with strict mode. They will be merged with strict mode in a future release.
2022-11-28T08:48:57.643207Z 0 [Warning] 'NO_AUTO_CREATE_USER' sql mode was not set.
2022-11-28T08:48:57.643207Z 0 [Warning] Insecure configuration for --secure-file-priv: Current value does not restrict location of generated files. Consider setting it to a valid, non-empty path.
2022-11-28T08:48:57.643207Z 0 [ERROR] Cannot open Windows EventLog; check privileges, or start server with --log_syslog=0
2022-11-28T08:48:57.643207Z 0 [Note] C:\Users\mewen.derruau\Documents\GitHub\jeu-collaboratif-en-anglais\CheckYourMood\Edition-graphique-et-traitement-de-graphes\CheckYourMood\Uwamp_2020\bin\database\mysql-5.7.11\bin\mysqld.exe (mysqld 5.7.11) starting as process 13608 ...
2022-11-28T08:48:57.651185Z 0 [ERROR] Can't open shared library 'C:\Users\mewen.derruau\Documents\GitHub\jeu-collaboratif-en-anglais\CheckYourMood\Edition-graphique-et-traitement-de-graphes\CheckYourMood\Uwamp_2020\bin\database\mysql-5.7.11\lib\plugin\keyri' (errno: 126 Le module spécifié est introuvable.)
2022-11-28T08:48:57.652186Z 0 [ERROR] Couldn't load plugin named 'keyring_file' with soname 'keyring_file.dll'.
2022-11-28T08:48:57.654179Z 0 [Note] InnoDB: Mutexes and rw_locks use Windows interlocked functions
2022-11-28T08:48:57.654179Z 0 [Note] InnoDB: Uses event mutexes
2022-11-28T08:48:57.654179Z 0 [Note] InnoDB: Memory barrier is not used
2022-11-28T08:48:57.654179Z 0 [Note] InnoDB: Compressed tables use zlib 1.2.3
2022-11-28T08:48:57.655175Z 0 [Note] InnoDB: Number of pools: 1
2022-11-28T08:48:57.655175Z 0 [Note] InnoDB: Not using CPU crc32 instructions
2022-11-28T08:48:57.688060Z 0 [Note] InnoDB: Initializing buffer pool, total size = 128M, instances = 1, chunk size = 128M
2022-11-28T08:48:57.693043Z 0 [Note] InnoDB: Completed initialization of buffer pool
2022-11-28T08:48:57.736966Z 0 [Note] InnoDB: Highest supported file format is Barracuda.
2022-11-28T08:48:57.738950Z 0 [Note] InnoDB: Log scan progressed past the checkpoint lsn 10628152
2022-11-28T08:48:57.738950Z 0 [Note] InnoDB: Doing recovery: scanned up to log sequence number 10628161
2022-11-28T08:48:57.739951Z 0 [Note] InnoDB: Doing recovery: scanned up to log sequence number 10628161
2022-11-28T08:48:57.739951Z 0 [Note] InnoDB: Database was not shutdown normally!
2022-11-28T08:48:57.739951Z 0 [Note] InnoDB: Starting crash recovery.
2022-11-28T08:48:57.994237Z 0 [Note] InnoDB: Removed temporary tablespace data file: "ibtmp1"
2022-11-28T08:48:57.994237Z 0 [Note] InnoDB: Creating shared tablespace for temporary tables
2022-11-28T08:48:57.995234Z 0 [Note] InnoDB: Setting file '.\ibtmp1' size to 12 MB. Physically writing the file full; Please wait ...
2022-11-28T08:48:58.007202Z 0 [Note] InnoDB: File '.\ibtmp1' size is now 12 MB.
2022-11-28T08:48:58.008200Z 0 [Note] InnoDB: 96 redo rollback segment(s) found. 96 redo rollback segment(s) are active.
2022-11-28T08:48:58.008200Z 0 [Note] InnoDB: 32 non-redo rollback segment(s) are active.
2022-11-28T08:48:58.009197Z 0 [Note] InnoDB: Waiting for purge to start
2022-11-28T08:48:58.064605Z 0 [Note] InnoDB: 5.7.11 started; log sequence number 10628161
2022-11-28T08:48:58.064605Z 0 [Note] InnoDB: Loading buffer pool(s) from C:\Users\mewen.derruau\Documents\GitHub\jeu-collaboratif-en-anglais\CheckYourMood\Edition-graphique-et-traitement-de-graphes\CheckYourMood\Uwamp_2020\bin\database\mysql-5.7.11\data\ib_buffer_pool
2022-11-28T08:48:58.064605Z 0 [Note] Plugin 'FEDERATED' is disabled.
2022-11-28T08:48:58.070553Z 0 [Warning] Failed to set up SSL because of the following SSL library error: SSL context is not usable without certificate and private key
2022-11-28T08:48:58.071550Z 0 [Note] Server hostname (bind-address): '*'; port: 3306
2022-11-28T08:48:58.071550Z 0 [Note] IPv6 is available.
2022-11-28T08:48:58.071550Z 0 [Note]   - '::' resolves to '::';
2022-11-28T08:48:58.071550Z 0 [Note] Server socket created on IP: '::'.
2022-11-28T08:48:58.086511Z 0 [Note] InnoDB: Buffer pool(s) load completed at 221128  9:48:58
2022-11-28T08:48:58.087508Z 0 [Note] Event Scheduler: Loaded 0 events
2022-11-28T08:48:58.087508Z 0 [Note] C:\Users\mewen.derruau\Documents\GitHub\jeu-collaboratif-en-anglais\CheckYourMood\Edition-graphique-et-traitement-de-graphes\CheckYourMood\Uwamp_2020\bin\database\mysql-5.7.11\bin\mysqld.exe: ready for connections.
Version: '5.7.11'  socket: ''  port: 3306  MySQL Community Server (GPL)
2022-11-28T09:23:30.959467Z 2 [Note] Aborted connection 2 to db: 'cym' user: 'root' host: 'localhost' (Got an error reading communication packets)
2022-11-28T09:25:32.542005Z 0 [Note] C:\Users\mewen.derruau\Documents\GitHub\jeu-collaboratif-en-anglais\CheckYourMood\Edition-graphique-et-traitement-de-graphes\CheckYourMood\Uwamp_2020\bin\database\mysql-5.7.11\bin\mysqld.exe: Normal shutdown

2022-11-28T09:25:32.542005Z 0 [Note] Giving 0 client threads a chance to die gracefully
2022-11-28T09:25:32.543001Z 0 [Note] Shutting down slave threads
2022-11-28T09:25:32.543001Z 0 [Note] Forcefully disconnecting 0 remaining clients
2022-11-28T09:25:32.543001Z 0 [Note] Event Scheduler: Purging the queue. 0 events
2022-11-28T09:25:32.544001Z 0 [Note] Binlog end
2022-11-28T09:25:32.545996Z 0 [Note] Shutting down plugin 'ngram'
2022-11-28T09:25:32.545996Z 0 [Note] Shutting down plugin 'partition'
2022-11-28T09:25:32.545996Z 0 [Note] Shutting down plugin 'BLACKHOLE'
2022-11-28T09:25:32.546991Z 0 [Note] Shutting down plugin 'ARCHIVE'
2022-11-28T09:25:32.546991Z 0 [Note] Shutting down plugin 'PERFORMANCE_SCHEMA'
2022-11-28T09:25:32.546991Z 0 [Note] Shutting down plugin 'MRG_MYISAM'
2022-11-28T09:25:32.546991Z 0 [Note] Shutting down plugin 'MyISAM'
2022-11-28T09:25:32.546991Z 0 [Note] Shutting down plugin 'INNODB_SYS_VIRTUAL'
2022-11-28T09:25:32.547988Z 0 [Note] Shutting down plugin 'INNODB_SYS_DATAFILES'
2022-11-28T09:25:32.547988Z 0 [Note] Shutting down plugin 'INNODB_SYS_TABLESPACES'
2022-11-28T09:25:32.547988Z 0 [Note] Shutting down plugin 'INNODB_SYS_FOREIGN_COLS'
2022-11-28T09:25:32.547988Z 0 [Note] Shutting down plugin 'INNODB_SYS_FOREIGN'
2022-11-28T09:25:32.547988Z 0 [Note] Shutting down plugin 'INNODB_SYS_FIELDS'
2022-11-28T09:25:32.548986Z 0 [Note] Shutting down plugin 'INNODB_SYS_COLUMNS'
2022-11-28T09:25:32.548986Z 0 [Note] Shutting down plugin 'INNODB_SYS_INDEXES'
2022-11-28T09:25:32.548986Z 0 [Note] Shutting down plugin 'INNODB_SYS_TABLESTATS'
2022-11-28T09:25:32.548986Z 0 [Note] Shutting down plugin 'INNODB_SYS_TABLES'
2022-11-28T09:25:32.548986Z 0 [Note] Shutting down plugin 'INNODB_FT_INDEX_TABLE'
2022-11-28T09:25:32.549983Z 0 [Note] Shutting down plugin 'INNODB_FT_INDEX_CACHE'
2022-11-28T09:25:32.549983Z 0 [Note] Shutting down plugin 'INNODB_FT_CONFIG'
2022-11-28T09:25:32.549983Z 0 [Note] Shutting down plugin 'INNODB_FT_BEING_DELETED'
2022-11-28T09:25:32.549983Z 0 [Note] Shutting down plugin 'INNODB_FT_DELETED'
2022-11-28T09:25:32.549983Z 0 [Note] Shutting down plugin 'INNODB_FT_DEFAULT_STOPWORD'
2022-11-28T09:25:32.550980Z 0 [Note] Shutting down plugin 'INNODB_METRICS'
2022-11-28T09:25:32.550980Z 0 [Note] Shutting down plugin 'INNODB_TEMP_TABLE_INFO'
2022-11-28T09:25:32.550980Z 0 [Note] Shutting down plugin 'INNODB_BUFFER_POOL_STATS'
2022-11-28T09:25:32.550980Z 0 [Note] Shutting down plugin 'INNODB_BUFFER_PAGE_LRU'
2022-11-28T09:25:32.550980Z 0 [Note] Shutting down plugin 'INNODB_BUFFER_PAGE'
2022-11-28T09:25:32.550980Z 0 [Note] Shutting down plugin 'INNODB_CMP_PER_INDEX_RESET'
2022-11-28T09:25:32.551978Z 0 [Note] Shutting down plugin 'INNODB_CMP_PER_INDEX'
2022-11-28T09:25:32.551978Z 0 [Note] Shutting down plugin 'INNODB_CMPMEM_RESET'
2022-11-28T09:25:32.551978Z 0 [Note] Shutting down plugin 'INNODB_CMPMEM'
2022-11-28T09:25:32.551978Z 0 [Note] Shutting down plugin 'INNODB_CMP_RESET'
2022-11-28T09:25:32.551978Z 0 [Note] Shutting down plugin 'INNODB_CMP'
2022-11-28T09:25:32.552975Z 0 [Note] Shutting down plugin 'INNODB_LOCK_WAITS'
2022-11-28T09:25:32.552975Z 0 [Note] Shutting down plugin 'INNODB_LOCKS'
2022-11-28T09:25:32.552975Z 0 [Note] Shutting down plugin 'INNODB_TRX'
2022-11-28T09:25:32.552975Z 0 [Note] Shutting down plugin 'InnoDB'
2022-11-28T09:25:32.552975Z 0 [Note] InnoDB: FTS optimize thread exiting.
2022-11-28T09:25:32.553972Z 0 [Note] InnoDB: Starting shutdown...
2022-11-28T09:25:32.657768Z 0 [Note] InnoDB: Dumping buffer pool(s) to C:\Users\mewen.derruau\Documents\GitHub\jeu-collaboratif-en-anglais\CheckYourMood\Edition-graphique-et-traitement-de-graphes\CheckYourMood\Uwamp_2020\bin\database\mysql-5.7.11\data\ib_buffer_pool
2022-11-28T09:25:32.661763Z 0 [Note] InnoDB: Buffer pool(s) dump completed at 221128 10:25:32
2022-11-28T09:25:33.558058Z 0 [Note] InnoDB: Shutdown completed; log sequence number 10628189
2022-11-28T09:25:33.560045Z 0 [Note] InnoDB: Removed temporary tablespace data file: "ibtmp1"
2022-11-28T09:25:33.560045Z 0 [Note] Shutting down plugin 'MEMORY'
2022-11-28T09:25:33.560045Z 0 [Note] Shutting down plugin 'CSV'
2022-11-28T09:25:33.560045Z 0 [Note] Shutting down plugin 'sha256_password'
2022-11-28T09:25:33.560045Z 0 [Note] Shutting down plugin 'mysql_native_password'
2022-11-28T09:25:33.561046Z 0 [Note] Shutting down plugin 'binlog'
2022-11-28T09:25:33.562050Z 0 [Note] C:\Users\mewen.derruau\Documents\GitHub\jeu-collaboratif-en-anglais\CheckYourMood\Edition-graphique-et-traitement-de-graphes\CheckYourMood\Uwamp_2020\bin\database\mysql-5.7.11\bin\mysqld.exe: Shutdown complete

2022-11-28T09:26:01.392428Z 0 [Warning] TIMESTAMP with implicit DEFAULT value is deprecated. Please use --explicit_defaults_for_timestamp server option (see documentation for more details).
2022-11-28T09:26:01.392428Z 0 [Warning] 'NO_ZERO_DATE', 'NO_ZERO_IN_DATE' and 'ERROR_FOR_DIVISION_BY_ZERO' sql modes should be used with strict mode. They will be merged with strict mode in a future release.
2022-11-28T09:26:01.392428Z 0 [Warning] 'NO_AUTO_CREATE_USER' sql mode was not set.
2022-11-28T09:26:01.392428Z 0 [Warning] Insecure configuration for --secure-file-priv: Current value does not restrict location of generated files. Consider setting it to a valid, non-empty path.
2022-11-28T09:26:01.392428Z 0 [ERROR] Cannot open Windows EventLog; check privileges, or start server with --log_syslog=0
2022-11-28T09:26:01.392428Z 0 [Note] C:\Users\mewen.derruau\Documents\GitHub\jeu-collaboratif-en-anglais\CheckYourMood\Edition-graphique-et-traitement-de-graphes\CheckYourMood\Uwamp_2020\bin\database\mysql-5.7.11\bin\mysqld.exe (mysqld 5.7.11) starting as process 6468 ...
2022-11-28T09:26:01.397411Z 0 [ERROR] Can't open shared library 'C:\Users\mewen.derruau\Documents\GitHub\jeu-collaboratif-en-anglais\CheckYourMood\Edition-graphique-et-traitement-de-graphes\CheckYourMood\Uwamp_2020\bin\database\mysql-5.7.11\lib\plugin\keyri' (errno: 126 Le module spécifié est introuvable.)
2022-11-28T09:26:01.398409Z 0 [ERROR] Couldn't load plugin named 'keyring_file' with soname 'keyring_file.dll'.
2022-11-28T09:26:01.398409Z 0 [Note] InnoDB: Mutexes and rw_locks use Windows interlocked functions
2022-11-28T09:26:01.398409Z 0 [Note] InnoDB: Uses event mutexes
2022-11-28T09:26:01.399406Z 0 [Note] InnoDB: Memory barrier is not used
2022-11-28T09:26:01.399406Z 0 [Note] InnoDB: Compressed tables use zlib 1.2.3
2022-11-28T09:26:01.399406Z 0 [Note] InnoDB: Number of pools: 1
2022-11-28T09:26:01.399406Z 0 [Note] InnoDB: Not using CPU crc32 instructions
2022-11-28T09:26:01.432349Z 0 [Note] InnoDB: Initializing buffer pool, total size = 128M, instances = 1, chunk size = 128M
2022-11-28T09:26:01.436337Z 0 [Note] InnoDB: Completed initialization of buffer pool
2022-11-28T09:26:01.461273Z 0 [Note] InnoDB: Highest supported file format is Barracuda.
2022-11-28T09:26:01.574977Z 0 [Note] InnoDB: Creating shared tablespace for temporary tables
2022-11-28T09:26:01.575938Z 0 [Note] InnoDB: Setting file '.\ibtmp1' size to 12 MB. Physically writing the file full; Please wait ...
2022-11-28T09:26:01.584940Z 0 [Note] InnoDB: File '.\ibtmp1' size is now 12 MB.
2022-11-28T09:26:01.585937Z 0 [Note] InnoDB: 96 redo rollback segment(s) found. 96 redo rollback segment(s) are active.
2022-11-28T09:26:01.585937Z 0 [Note] InnoDB: 32 non-redo rollback segment(s) are active.
2022-11-28T09:26:01.586937Z 0 [Note] InnoDB: Waiting for purge to start
2022-11-28T09:26:01.643782Z 0 [Note] InnoDB: 5.7.11 started; log sequence number 10628189
2022-11-28T09:26:01.643782Z 0 [Note] InnoDB: Loading buffer pool(s) from C:\Users\mewen.derruau\Documents\GitHub\jeu-collaboratif-en-anglais\CheckYourMood\Edition-graphique-et-traitement-de-graphes\CheckYourMood\Uwamp_2020\bin\database\mysql-5.7.11\data\ib_buffer_pool
2022-11-28T09:26:01.643782Z 0 [Note] Plugin 'FEDERATED' is disabled.
2022-11-28T09:26:01.649737Z 0 [Warning] Failed to set up SSL because of the following SSL library error: SSL context is not usable without certificate and private key
2022-11-28T09:26:01.650734Z 0 [Note] Server hostname (bind-address): '*'; port: 3306
2022-11-28T09:26:01.650734Z 0 [Note] IPv6 is available.
2022-11-28T09:26:01.650734Z 0 [Note]   - '::' resolves to '::';
2022-11-28T09:26:01.651732Z 0 [Note] Server socket created on IP: '::'.
2022-11-28T09:26:01.668687Z 0 [Note] Event Scheduler: Loaded 0 events
2022-11-28T09:26:01.668687Z 0 [Note] C:\Users\mewen.derruau\Documents\GitHub\jeu-collaboratif-en-anglais\CheckYourMood\Edition-graphique-et-traitement-de-graphes\CheckYourMood\Uwamp_2020\bin\database\mysql-5.7.11\bin\mysqld.exe: ready for connections.
Version: '5.7.11'  socket: ''  port: 3306  MySQL Community Server (GPL)
2022-11-28T09:26:01.675669Z 0 [Note] InnoDB: Buffer pool(s) load completed at 221128 10:26:01
2022-11-28T09:28:31.292572Z 0 [Note] C:\Users\mewen.derruau\Documents\GitHub\jeu-collaboratif-en-anglais\CheckYourMood\Edition-graphique-et-traitement-de-graphes\CheckYourMood\Uwamp_2020\bin\database\mysql-5.7.11\bin\mysqld.exe: Normal shutdown

2022-11-28T09:28:31.293569Z 0 [Note] Giving 0 client threads a chance to die gracefully
2022-11-28T09:28:31.293569Z 0 [Note] Shutting down slave threads
2022-11-28T09:28:31.293569Z 0 [Note] Forcefully disconnecting 0 remaining clients
2022-11-28T09:28:31.293569Z 0 [Note] Event Scheduler: Purging the queue. 0 events
2022-11-28T09:28:31.293569Z 0 [Note] Binlog end
2022-11-28T09:28:31.294566Z 0 [Note] Shutting down plugin 'ngram'
2022-11-28T09:28:31.294566Z 0 [Note] Shutting down plugin 'partition'
2022-11-28T09:28:31.294566Z 0 [Note] Shutting down plugin 'BLACKHOLE'
2022-11-28T09:28:31.294566Z 0 [Note] Shutting down plugin 'ARCHIVE'
2022-11-28T09:28:31.294566Z 0 [Note] Shutting down plugin 'PERFORMANCE_SCHEMA'
2022-11-28T09:28:31.295564Z 0 [Note] Shutting down plugin 'MRG_MYISAM'
2022-11-28T09:28:31.295564Z 0 [Note] Shutting down plugin 'MyISAM'
2022-11-28T09:28:31.295564Z 0 [Note] Shutting down plugin 'INNODB_SYS_VIRTUAL'
2022-11-28T09:28:31.295564Z 0 [Note] Shutting down plugin 'INNODB_SYS_DATAFILES'
2022-11-28T09:28:31.295564Z 0 [Note] Shutting down plugin 'INNODB_SYS_TABLESPACES'
2022-11-28T09:28:31.296560Z 0 [Note] Shutting down plugin 'INNODB_SYS_FOREIGN_COLS'
2022-11-28T09:28:31.296560Z 0 [Note] Shutting down plugin 'INNODB_SYS_FOREIGN'
2022-11-28T09:28:31.296560Z 0 [Note] Shutting down plugin 'INNODB_SYS_FIELDS'
2022-11-28T09:28:31.296560Z 0 [Note] Shutting down plugin 'INNODB_SYS_COLUMNS'
2022-11-28T09:28:31.296560Z 0 [Note] Shutting down plugin 'INNODB_SYS_INDEXES'
2022-11-28T09:28:31.296560Z 0 [Note] Shutting down plugin 'INNODB_SYS_TABLESTATS'
2022-11-28T09:28:31.297558Z 0 [Note] Shutting down plugin 'INNODB_SYS_TABLES'
2022-11-28T09:28:31.297558Z 0 [Note] Shutting down plugin 'INNODB_FT_INDEX_TABLE'
2022-11-28T09:28:31.297558Z 0 [Note] Shutting down plugin 'INNODB_FT_INDEX_CACHE'
2022-11-28T09:28:31.297558Z 0 [Note] Shutting down plugin 'INNODB_FT_CONFIG'
2022-11-28T09:28:31.297558Z 0 [Note] Shutting down plugin 'INNODB_FT_BEING_DELETED'
2022-11-28T09:28:31.298555Z 0 [Note] Shutting down plugin 'INNODB_FT_DELETED'
2022-11-28T09:28:31.298555Z 0 [Note] Shutting down plugin 'INNODB_FT_DEFAULT_STOPWORD'
2022-11-28T09:28:31.298555Z 0 [Note] Shutting down plugin 'INNODB_METRICS'
2022-11-28T09:28:31.298555Z 0 [Note] Shutting down plugin 'INNODB_TEMP_TABLE_INFO'
2022-11-28T09:28:31.298555Z 0 [Note] Shutting down plugin 'INNODB_BUFFER_POOL_STATS'
2022-11-28T09:28:31.299552Z 0 [Note] Shutting down plugin 'INNODB_BUFFER_PAGE_LRU'
2022-11-28T09:28:31.299552Z 0 [Note] Shutting down plugin 'INNODB_BUFFER_PAGE'
2022-11-28T09:28:31.299552Z 0 [Note] Shutting down plugin 'INNODB_CMP_PER_INDEX_RESET'
2022-11-28T09:28:31.299552Z 0 [Note] Shutting down plugin 'INNODB_CMP_PER_INDEX'
2022-11-28T09:28:31.299552Z 0 [Note] Shutting down plugin 'INNODB_CMPMEM_RESET'
2022-11-28T09:28:31.300581Z 0 [Note] Shutting down plugin 'INNODB_CMPMEM'
2022-11-28T09:28:31.300581Z 0 [Note] Shutting down plugin 'INNODB_CMP_RESET'
2022-11-28T09:28:31.300581Z 0 [Note] Shutting down plugin 'INNODB_CMP'
2022-11-28T09:28:31.300581Z 0 [Note] Shutting down plugin 'INNODB_LOCK_WAITS'
2022-11-28T09:28:31.300581Z 0 [Note] Shutting down plugin 'INNODB_LOCKS'
2022-11-28T09:28:31.300581Z 0 [Note] Shutting down plugin 'INNODB_TRX'
2022-11-28T09:28:31.301580Z 0 [Note] Shutting down plugin 'InnoDB'
2022-11-28T09:28:31.301580Z 0 [Note] InnoDB: FTS optimize thread exiting.
2022-11-28T09:28:31.301580Z 0 [Note] InnoDB: Starting shutdown...
2022-11-28T09:28:31.416571Z 0 [Note] InnoDB: Dumping buffer pool(s) to C:\Users\mewen.derruau\Documents\GitHub\jeu-collaboratif-en-anglais\CheckYourMood\Edition-graphique-et-traitement-de-graphes\CheckYourMood\Uwamp_2020\bin\database\mysql-5.7.11\data\ib_buffer_pool
2022-11-28T09:28:31.421619Z 0 [Note] InnoDB: Buffer pool(s) dump completed at 221128 10:28:31
2022-11-28T09:28:32.197701Z 0 [Note] InnoDB: Shutdown completed; log sequence number 10628217
2022-11-28T09:28:32.198697Z 0 [Note] InnoDB: Removed temporary tablespace data file: "ibtmp1"
2022-11-28T09:28:32.198697Z 0 [Note] Shutting down plugin 'MEMORY'
2022-11-28T09:28:32.198697Z 0 [Note] Shutting down plugin 'CSV'
2022-11-28T09:28:32.199692Z 0 [Note] Shutting down plugin 'sha256_password'
2022-11-28T09:28:32.199692Z 0 [Note] Shutting down plugin 'mysql_native_password'
2022-11-28T09:28:32.199692Z 0 [Note] Shutting down plugin 'binlog'
2022-11-28T09:28:32.199692Z 0 [Note] C:\Users\mewen.derruau\Documents\GitHub\jeu-collaboratif-en-anglais\CheckYourMood\Edition-graphique-et-traitement-de-graphes\CheckYourMood\Uwamp_2020\bin\database\mysql-5.7.11\bin\mysqld.exe: Shutdown complete

