2022-10-28T13:28:48.765265Z 0 [Warning] TIMESTAMP with implicit DEFAULT value is deprecated. Please use --explicit_defaults_for_timestamp server option (see documentation for more details).
2022-10-28T13:28:48.765265Z 0 [Warning] 'NO_ZERO_DATE', 'NO_ZERO_IN_DATE' and 'ERROR_FOR_DIVISION_BY_ZERO' sql modes should be used with strict mode. They will be merged with strict mode in a future release.
2022-10-28T13:28:48.765265Z 0 [Warning] 'NO_AUTO_CREATE_USER' sql mode was not set.
2022-10-28T13:28:48.765265Z 0 [Warning] Insecure configuration for --secure-file-priv: Current value does not restrict location of generated files. Consider setting it to a valid, non-empty path.
2022-10-28T13:28:48.766280Z 0 [ERROR] Cannot open Windows EventLog; check privileges, or start server with --log_syslog=0
2022-10-28T13:28:48.766280Z 0 [Note] C:\Uwamp_2020\bin\database\mysql-5.7.11\bin\mysqld.exe (mysqld 5.7.11) starting as process 4308 ...
2022-10-28T13:28:48.818580Z 0 [ERROR] Can't open shared library 'C:\Uwamp_2020\bin\database\mysql-5.7.11\lib\plugin\keyring_file.dll' (errno: 126 Le module spécifié est introuvable.)
2022-10-28T13:28:48.820581Z 0 [ERROR] Couldn't load plugin named 'keyring_file' with soname 'keyring_file.dll'.
2022-10-28T13:28:48.821577Z 0 [Note] InnoDB: Mutexes and rw_locks use Windows interlocked functions
2022-10-28T13:28:48.822577Z 0 [Note] InnoDB: Uses event mutexes
2022-10-28T13:28:48.823576Z 0 [Note] InnoDB: Memory barrier is not used
2022-10-28T13:28:48.824578Z 0 [Note] InnoDB: Compressed tables use zlib 1.2.3
2022-10-28T13:28:48.825580Z 0 [Note] InnoDB: Number of pools: 1
2022-10-28T13:28:48.825580Z 0 [Note] InnoDB: Not using CPU crc32 instructions
2022-10-28T13:28:48.888174Z 0 [Note] InnoDB: Initializing buffer pool, total size = 128M, instances = 1, chunk size = 128M
2022-10-28T13:28:48.898209Z 0 [Note] InnoDB: Completed initialization of buffer pool
2022-10-28T13:28:48.958173Z 0 [Note] InnoDB: Highest supported file format is Barracuda.
2022-10-28T13:28:49.622923Z 0 [Note] InnoDB: Creating shared tablespace for temporary tables
2022-10-28T13:28:49.624892Z 0 [Note] InnoDB: Setting file '.\ibtmp1' size to 12 MB. Physically writing the file full; Please wait ...
2022-10-28T13:28:49.640888Z 0 [Note] InnoDB: File '.\ibtmp1' size is now 12 MB.
2022-10-28T13:28:49.650924Z 0 [Note] InnoDB: 96 redo rollback segment(s) found. 96 redo rollback segment(s) are active.
2022-10-28T13:28:49.651890Z 0 [Note] InnoDB: 32 non-redo rollback segment(s) are active.
2022-10-28T13:28:49.652886Z 0 [Note] InnoDB: Waiting for purge to start
2022-10-28T13:28:49.705007Z 0 [Note] InnoDB: 5.7.11 started; log sequence number 7866551
2022-10-28T13:28:49.706002Z 0 [Note] InnoDB: Loading buffer pool(s) from C:\Uwamp_2020\bin\database\mysql-5.7.11\data\ib_buffer_pool
2022-10-28T13:28:49.706002Z 0 [Note] Plugin 'FEDERATED' is disabled.
2022-10-28T13:28:49.738002Z 0 [Warning] Failed to set up SSL because of the following SSL library error: SSL context is not usable without certificate and private key
2022-10-28T13:28:49.742002Z 0 [Note] Server hostname (bind-address): '*'; port: 3306
2022-10-28T13:28:49.743002Z 0 [Note] IPv6 is available.
2022-10-28T13:28:49.743002Z 0 [Note]   - '::' resolves to '::';
2022-10-28T13:28:49.744001Z 0 [Note] Server socket created on IP: '::'.
2022-10-28T13:28:49.751001Z 0 [Note] InnoDB: Buffer pool(s) load completed at 221028 15:28:49
2022-10-28T13:28:51.828005Z 0 [Note] Event Scheduler: Loaded 0 events
2022-10-28T13:28:51.829001Z 0 [Note] C:\Uwamp_2020\bin\database\mysql-5.7.11\bin\mysqld.exe: ready for connections.
Version: '5.7.11'  socket: ''  port: 3306  MySQL Community Server (GPL)
2022-10-28T18:42:56.607804Z 0 [Note] InnoDB: page_cleaner: 1000ms intended loop took 18795245ms. The settings might not be optimal. (flushed=0 and evicted=0, during the time.)
2022-10-29T08:28:08.285946Z 0 [Note] InnoDB: page_cleaner: 1000ms intended loop took 45306766ms. The settings might not be optimal. (flushed=0 and evicted=0, during the time.)
2022-10-30T06:42:42.452744Z 0 [Note] InnoDB: page_cleaner: 1000ms intended loop took 72319447ms. The settings might not be optimal. (flushed=0 and evicted=0, during the time.)
2022-10-30T06:42:45.329041Z 0 [Note] C:\Uwamp_2020\bin\database\mysql-5.7.11\bin\mysqld.exe: Normal shutdown

2022-10-30T06:42:45.330079Z 0 [Note] Giving 0 client threads a chance to die gracefully
2022-10-30T06:42:45.331079Z 0 [Note] Shutting down slave threads
2022-10-30T06:42:45.332079Z 0 [Note] Forcefully disconnecting 0 remaining clients
2022-10-30T06:42:45.333081Z 0 [Note] Event Scheduler: Purging the queue. 0 events
2022-10-30T06:42:45.335080Z 0 [Note] Binlog end
2022-10-30T06:42:45.341603Z 0 [Note] Shutting down plugin 'ngram'
2022-10-30T06:42:45.342603Z 0 [Note] Shutting down plugin 'partition'
2022-10-30T06:42:45.343604Z 0 [Note] Shutting down plugin 'BLACKHOLE'
2022-10-30T06:42:45.343604Z 0 [Note] Shutting down plugin 'ARCHIVE'
2022-10-30T06:42:45.344604Z 0 [Note] Shutting down plugin 'PERFORMANCE_SCHEMA'
2022-10-30T06:42:45.345603Z 0 [Note] Shutting down plugin 'MRG_MYISAM'
2022-10-30T06:42:45.346602Z 0 [Note] Shutting down plugin 'MyISAM'
2022-10-30T06:42:45.347603Z 0 [Note] Shutting down plugin 'INNODB_SYS_VIRTUAL'
2022-10-30T06:42:45.349112Z 0 [Note] Shutting down plugin 'INNODB_SYS_DATAFILES'
2022-10-30T06:42:45.349112Z 0 [Note] Shutting down plugin 'INNODB_SYS_TABLESPACES'
2022-10-30T06:42:45.350154Z 0 [Note] Shutting down plugin 'INNODB_SYS_FOREIGN_COLS'
2022-10-30T06:42:45.351153Z 0 [Note] Shutting down plugin 'INNODB_SYS_FOREIGN'
2022-10-30T06:42:45.352153Z 0 [Note] Shutting down plugin 'INNODB_SYS_FIELDS'
2022-10-30T06:42:45.352153Z 0 [Note] Shutting down plugin 'INNODB_SYS_COLUMNS'
2022-10-30T06:42:45.353154Z 0 [Note] Shutting down plugin 'INNODB_SYS_INDEXES'
2022-10-30T06:42:45.354154Z 0 [Note] Shutting down plugin 'INNODB_SYS_TABLESTATS'
2022-10-30T06:42:45.355155Z 0 [Note] Shutting down plugin 'INNODB_SYS_TABLES'
2022-10-30T06:42:45.356157Z 0 [Note] Shutting down plugin 'INNODB_FT_INDEX_TABLE'
2022-10-30T06:42:45.356157Z 0 [Note] Shutting down plugin 'INNODB_FT_INDEX_CACHE'
2022-10-30T06:42:45.357663Z 0 [Note] Shutting down plugin 'INNODB_FT_CONFIG'
2022-10-30T06:42:45.357663Z 0 [Note] Shutting down plugin 'INNODB_FT_BEING_DELETED'
2022-10-30T06:42:45.359175Z 0 [Note] Shutting down plugin 'INNODB_FT_DELETED'
2022-10-30T06:42:45.360222Z 0 [Note] Shutting down plugin 'INNODB_FT_DEFAULT_STOPWORD'
2022-10-30T06:42:45.360222Z 0 [Note] Shutting down plugin 'INNODB_METRICS'
2022-10-30T06:42:45.361222Z 0 [Note] Shutting down plugin 'INNODB_TEMP_TABLE_INFO'
2022-10-30T06:42:45.362220Z 0 [Note] Shutting down plugin 'INNODB_BUFFER_POOL_STATS'
2022-10-30T06:42:45.363220Z 0 [Note] Shutting down plugin 'INNODB_BUFFER_PAGE_LRU'
2022-10-30T06:42:45.364222Z 0 [Note] Shutting down plugin 'INNODB_BUFFER_PAGE'
2022-10-30T06:42:45.364222Z 0 [Note] Shutting down plugin 'INNODB_CMP_PER_INDEX_RESET'
2022-10-30T06:42:45.370838Z 0 [Note] Shutting down plugin 'INNODB_CMP_PER_INDEX'
2022-10-30T06:42:45.371348Z 0 [Note] Shutting down plugin 'INNODB_CMPMEM_RESET'
2022-10-30T06:42:45.372359Z 0 [Note] Shutting down plugin 'INNODB_CMPMEM'
2022-10-30T06:42:45.373360Z 0 [Note] Shutting down plugin 'INNODB_CMP_RESET'
2022-10-30T06:42:45.379584Z 0 [Note] Shutting down plugin 'INNODB_CMP'
2022-10-30T06:42:45.380597Z 0 [Note] Shutting down plugin 'INNODB_LOCK_WAITS'
2022-10-30T06:42:45.381597Z 0 [Note] Shutting down plugin 'INNODB_LOCKS'
2022-10-30T06:42:45.384600Z 0 [Note] Shutting down plugin 'INNODB_TRX'
2022-10-30T06:42:45.384600Z 0 [Note] Shutting down plugin 'InnoDB'
2022-10-30T06:42:45.386598Z 0 [Note] InnoDB: FTS optimize thread exiting.
2022-10-30T06:42:45.387599Z 0 [Note] InnoDB: Starting shutdown...
2022-10-30T06:42:45.504596Z 0 [Note] InnoDB: Dumping buffer pool(s) to C:\Uwamp_2020\bin\database\mysql-5.7.11\data\ib_buffer_pool
2022-10-30T06:42:45.508632Z 0 [Note] InnoDB: Buffer pool(s) dump completed at 221030  7:42:45
2022-10-30T06:42:46.254323Z 0 [Note] InnoDB: Shutdown completed; log sequence number 7866579
2022-10-30T06:42:46.256875Z 0 [Note] InnoDB: Removed temporary tablespace data file: "ibtmp1"
2022-10-30T06:42:46.257874Z 0 [Note] Shutting down plugin 'MEMORY'
2022-10-30T06:42:46.258382Z 0 [Note] Shutting down plugin 'CSV'
2022-10-30T06:42:46.258382Z 0 [Note] Shutting down plugin 'sha256_password'
2022-10-30T06:42:46.259393Z 0 [Note] Shutting down plugin 'mysql_native_password'
2022-10-30T06:42:46.260395Z 0 [Note] Shutting down plugin 'binlog'
2022-10-30T06:42:46.268953Z 0 [Note] C:\Uwamp_2020\bin\database\mysql-5.7.11\bin\mysqld.exe: Shutdown complete

2022-10-30T06:42:47.458238Z 0 [Warning] TIMESTAMP with implicit DEFAULT value is deprecated. Please use --explicit_defaults_for_timestamp server option (see documentation for more details).
2022-10-30T06:42:47.458238Z 0 [Warning] 'NO_ZERO_DATE', 'NO_ZERO_IN_DATE' and 'ERROR_FOR_DIVISION_BY_ZERO' sql modes should be used with strict mode. They will be merged with strict mode in a future release.
2022-10-30T06:42:47.458238Z 0 [Warning] 'NO_AUTO_CREATE_USER' sql mode was not set.
2022-10-30T06:42:47.458238Z 0 [Warning] Insecure configuration for --secure-file-priv: Current value does not restrict location of generated files. Consider setting it to a valid, non-empty path.
2022-10-30T06:42:47.459240Z 0 [ERROR] Cannot open Windows EventLog; check privileges, or start server with --log_syslog=0
2022-10-30T06:42:47.459240Z 0 [Note] C:\Uwamp_2020\bin\database\mysql-5.7.11\bin\mysqld.exe (mysqld 5.7.11) starting as process 7304 ...
2022-10-30T06:42:47.496853Z 0 [ERROR] Can't open shared library 'C:\Uwamp_2020\bin\database\mysql-5.7.11\lib\plugin\keyring_file.dll' (errno: 126 Le module spécifié est introuvable.)
2022-10-30T06:42:47.498851Z 0 [ERROR] Couldn't load plugin named 'keyring_file' with soname 'keyring_file.dll'.
2022-10-30T06:42:47.500852Z 0 [Note] InnoDB: Mutexes and rw_locks use Windows interlocked functions
2022-10-30T06:42:47.502357Z 0 [Note] InnoDB: Uses event mutexes
2022-10-30T06:42:47.502357Z 0 [Note] InnoDB: Memory barrier is not used
2022-10-30T06:42:47.503368Z 0 [Note] InnoDB: Compressed tables use zlib 1.2.3
2022-10-30T06:42:47.504368Z 0 [Note] InnoDB: Number of pools: 1
2022-10-30T06:42:47.505368Z 0 [Note] InnoDB: Not using CPU crc32 instructions
2022-10-30T06:42:47.593286Z 0 [Note] InnoDB: Initializing buffer pool, total size = 128M, instances = 1, chunk size = 128M
2022-10-30T06:42:47.607839Z 0 [Note] InnoDB: Completed initialization of buffer pool
2022-10-30T06:42:47.659582Z 0 [Note] InnoDB: Highest supported file format is Barracuda.
2022-10-30T06:42:48.494695Z 0 [Note] InnoDB: Creating shared tablespace for temporary tables
2022-10-30T06:42:48.496695Z 0 [Note] InnoDB: Setting file '.\ibtmp1' size to 12 MB. Physically writing the file full; Please wait ...
2022-10-30T06:42:48.514695Z 0 [Note] InnoDB: File '.\ibtmp1' size is now 12 MB.
2022-10-30T06:42:48.527694Z 0 [Note] InnoDB: 96 redo rollback segment(s) found. 96 redo rollback segment(s) are active.
2022-10-30T06:42:48.528695Z 0 [Note] InnoDB: 32 non-redo rollback segment(s) are active.
2022-10-30T06:42:48.530694Z 0 [Note] InnoDB: Waiting for purge to start
2022-10-30T06:42:48.581739Z 0 [Note] InnoDB: 5.7.11 started; log sequence number 7866579
2022-10-30T06:42:48.583739Z 0 [Note] InnoDB: Loading buffer pool(s) from C:\Uwamp_2020\bin\database\mysql-5.7.11\data\ib_buffer_pool
2022-10-30T06:42:48.583739Z 0 [Note] Plugin 'FEDERATED' is disabled.
2022-10-30T06:42:48.627738Z 0 [Note] InnoDB: Buffer pool(s) load completed at 221030  7:42:48
2022-10-30T06:42:48.628738Z 0 [Warning] Failed to set up SSL because of the following SSL library error: SSL context is not usable without certificate and private key
2022-10-30T06:42:48.633737Z 0 [Note] Server hostname (bind-address): '*'; port: 3306
2022-10-30T06:42:48.634739Z 0 [Note] IPv6 is available.
2022-10-30T06:42:48.635737Z 0 [Note]   - '::' resolves to '::';
2022-10-30T06:42:48.635737Z 0 [Note] Server socket created on IP: '::'.
2022-10-30T06:42:49.950136Z 0 [Note] Event Scheduler: Loaded 0 events
2022-10-30T06:42:49.951138Z 0 [Note] C:\Uwamp_2020\bin\database\mysql-5.7.11\bin\mysqld.exe: ready for connections.
Version: '5.7.11'  socket: ''  port: 3306  MySQL Community Server (GPL)
2022-10-30T17:57:39.269690Z 0 [Note] InnoDB: page_cleaner: 1000ms intended loop took 40443245ms. The settings might not be optimal. (flushed=0 and evicted=0, during the time.)
2022-10-30T18:52:21.196648Z 0 [Note] InnoDB: page_cleaner: 1000ms intended loop took 574917ms. The settings might not be optimal. (flushed=0 and evicted=0, during the time.)
2022-10-30T22:18:55.483535Z 0 [Note] InnoDB: page_cleaner: 1000ms intended loop took 4478861ms. The settings might not be optimal. (flushed=0 and evicted=0, during the time.)
2022-10-31T20:26:44.146806Z 0 [Warning] TIMESTAMP with implicit DEFAULT value is deprecated. Please use --explicit_defaults_for_timestamp server option (see documentation for more details).
2022-10-31T20:26:44.147804Z 0 [Warning] 'NO_ZERO_DATE', 'NO_ZERO_IN_DATE' and 'ERROR_FOR_DIVISION_BY_ZERO' sql modes should be used with strict mode. They will be merged with strict mode in a future release.
2022-10-31T20:26:44.147804Z 0 [Warning] 'NO_AUTO_CREATE_USER' sql mode was not set.
2022-10-31T20:26:44.147804Z 0 [Warning] Insecure configuration for --secure-file-priv: Current value does not restrict location of generated files. Consider setting it to a valid, non-empty path.
2022-10-31T20:26:44.148803Z 0 [ERROR] Cannot open Windows EventLog; check privileges, or start server with --log_syslog=0
2022-10-31T20:26:44.148803Z 0 [Note] C:\Uwamp_2020\bin\database\mysql-5.7.11\bin\mysqld.exe (mysqld 5.7.11) starting as process 4864 ...
2022-10-31T20:26:44.194980Z 0 [ERROR] Can't open shared library 'C:\Uwamp_2020\bin\database\mysql-5.7.11\lib\plugin\keyring_file.dll' (errno: 126 Le module spécifié est introuvable.)
2022-10-31T20:26:44.195978Z 0 [ERROR] Couldn't load plugin named 'keyring_file' with soname 'keyring_file.dll'.
2022-10-31T20:26:44.198981Z 0 [Note] InnoDB: Mutexes and rw_locks use Windows interlocked functions
2022-10-31T20:26:44.198981Z 0 [Note] InnoDB: Uses event mutexes
2022-10-31T20:26:44.199977Z 0 [Note] InnoDB: Memory barrier is not used
2022-10-31T20:26:44.199977Z 0 [Note] InnoDB: Compressed tables use zlib 1.2.3
2022-10-31T20:26:44.200980Z 0 [Note] InnoDB: Number of pools: 1
2022-10-31T20:26:44.201984Z 0 [Note] InnoDB: Not using CPU crc32 instructions
2022-10-31T20:26:44.390919Z 0 [Note] InnoDB: Initializing buffer pool, total size = 128M, instances = 1, chunk size = 128M
2022-10-31T20:26:44.405482Z 0 [Note] InnoDB: Completed initialization of buffer pool
2022-10-31T20:26:44.461147Z 0 [Note] InnoDB: Highest supported file format is Barracuda.
2022-10-31T20:26:44.464694Z 0 [Note] InnoDB: Log scan progressed past the checkpoint lsn 7866598
2022-10-31T20:26:44.465697Z 0 [Note] InnoDB: Doing recovery: scanned up to log sequence number 7866607
2022-10-31T20:26:44.466728Z 0 [Note] InnoDB: Doing recovery: scanned up to log sequence number 7866607
2022-10-31T20:26:44.467730Z 0 [Note] InnoDB: Database was not shutdown normally!
2022-10-31T20:26:44.467730Z 0 [Note] InnoDB: Starting crash recovery.
2022-10-31T20:26:45.295785Z 0 [Note] InnoDB: Removed temporary tablespace data file: "ibtmp1"
2022-10-31T20:26:45.296785Z 0 [Note] InnoDB: Creating shared tablespace for temporary tables
2022-10-31T20:26:45.297789Z 0 [Note] InnoDB: Setting file '.\ibtmp1' size to 12 MB. Physically writing the file full; Please wait ...
2022-10-31T20:26:45.306909Z 0 [Note] InnoDB: File '.\ibtmp1' size is now 12 MB.
2022-10-31T20:26:45.316473Z 0 [Note] InnoDB: 96 redo rollback segment(s) found. 96 redo rollback segment(s) are active.
2022-10-31T20:26:45.317474Z 0 [Note] InnoDB: 32 non-redo rollback segment(s) are active.
2022-10-31T20:26:45.318474Z 0 [Note] InnoDB: Waiting for purge to start
2022-10-31T20:26:45.374897Z 0 [Note] InnoDB: 5.7.11 started; log sequence number 7866607
2022-10-31T20:26:45.376903Z 0 [Note] Plugin 'FEDERATED' is disabled.
2022-10-31T20:26:45.376903Z 0 [Note] InnoDB: Loading buffer pool(s) from C:\Uwamp_2020\bin\database\mysql-5.7.11\data\ib_buffer_pool
2022-10-31T20:26:45.485671Z 0 [Warning] Failed to set up SSL because of the following SSL library error: SSL context is not usable without certificate and private key
2022-10-31T20:26:45.486653Z 0 [Note] InnoDB: Buffer pool(s) load completed at 221031 21:26:45
2022-10-31T20:26:45.497224Z 0 [Note] Server hostname (bind-address): '*'; port: 3306
2022-10-31T20:26:45.500224Z 0 [Note] IPv6 is available.
2022-10-31T20:26:45.501223Z 0 [Note]   - '::' resolves to '::';
2022-10-31T20:26:45.503766Z 0 [Note] Server socket created on IP: '::'.
2022-10-31T20:26:47.059103Z 0 [Note] Event Scheduler: Loaded 0 events
2022-10-31T20:26:47.060143Z 0 [Note] C:\Uwamp_2020\bin\database\mysql-5.7.11\bin\mysqld.exe: ready for connections.
Version: '5.7.11'  socket: ''  port: 3306  MySQL Community Server (GPL)
2022-11-01T09:45:22.971526Z 0 [Note] InnoDB: page_cleaner: 1000ms intended loop took 39292503ms. The settings might not be optimal. (flushed=0 and evicted=0, during the time.)
2022-11-01T16:48:47.239764Z 0 [Note] InnoDB: page_cleaner: 1000ms intended loop took 23724032ms. The settings might not be optimal. (flushed=0 and evicted=0, during the time.)
2022-11-02T13:27:15.911053Z 0 [Note] InnoDB: page_cleaner: 1000ms intended loop took 50488345ms. The settings might not be optimal. (flushed=0 and evicted=0, during the time.)
2022-11-02T18:07:54.847943Z 0 [Note] InnoDB: page_cleaner: 1000ms intended loop took 9559693ms. The settings might not be optimal. (flushed=0 and evicted=0, during the time.)
2022-11-02T21:10:14.577733Z 0 [Note] InnoDB: page_cleaner: 1000ms intended loop took 1808145ms. The settings might not be optimal. (flushed=0 and evicted=0, during the time.)
2022-11-07T14:10:14.229114Z 0 [Warning] TIMESTAMP with implicit DEFAULT value is deprecated. Please use --explicit_defaults_for_timestamp server option (see documentation for more details).
2022-11-07T14:10:14.229114Z 0 [Warning] 'NO_ZERO_DATE', 'NO_ZERO_IN_DATE' and 'ERROR_FOR_DIVISION_BY_ZERO' sql modes should be used with strict mode. They will be merged with strict mode in a future release.
2022-11-07T14:10:14.229114Z 0 [Warning] 'NO_AUTO_CREATE_USER' sql mode was not set.
2022-11-07T14:10:14.229114Z 0 [Warning] Insecure configuration for --secure-file-priv: Current value does not restrict location of generated files. Consider setting it to a valid, non-empty path.
2022-11-07T14:10:14.230128Z 0 [ERROR] Cannot open Windows EventLog; check privileges, or start server with --log_syslog=0
2022-11-07T14:10:14.230128Z 0 [Note] C:\Uwamp_2020\bin\database\mysql-5.7.11\bin\mysqld.exe (mysqld 5.7.11) starting as process 16556 ...
2022-11-07T14:10:14.265586Z 0 [ERROR] Can't open shared library 'C:\Uwamp_2020\bin\database\mysql-5.7.11\lib\plugin\keyring_file.dll' (errno: 126 Le module spécifié est introuvable.)
2022-11-07T14:10:14.267098Z 0 [ERROR] Couldn't load plugin named 'keyring_file' with soname 'keyring_file.dll'.
2022-11-07T14:10:14.268629Z 0 [Note] InnoDB: Mutexes and rw_locks use Windows interlocked functions
2022-11-07T14:10:14.269135Z 0 [Note] InnoDB: Uses event mutexes
2022-11-07T14:10:14.269640Z 0 [Note] InnoDB: Memory barrier is not used
2022-11-07T14:10:14.269640Z 0 [Note] InnoDB: Compressed tables use zlib 1.2.3
2022-11-07T14:10:14.270651Z 0 [Note] InnoDB: Number of pools: 1
2022-11-07T14:10:14.271637Z 0 [Note] InnoDB: Not using CPU crc32 instructions
2022-11-07T14:10:14.327992Z 0 [Note] InnoDB: Initializing buffer pool, total size = 128M, instances = 1, chunk size = 128M
2022-11-07T14:10:14.337048Z 0 [Note] InnoDB: Completed initialization of buffer pool
2022-11-07T14:10:14.417509Z 0 [Note] InnoDB: Highest supported file format is Barracuda.
2022-11-07T14:10:14.420511Z 0 [Note] InnoDB: Log scan progressed past the checkpoint lsn 7866626
2022-11-07T14:10:14.420511Z 0 [Note] InnoDB: Doing recovery: scanned up to log sequence number 7866635
2022-11-07T14:10:14.421510Z 0 [Note] InnoDB: Doing recovery: scanned up to log sequence number 7866635
2022-11-07T14:10:14.422508Z 0 [Note] InnoDB: Database was not shutdown normally!
2022-11-07T14:10:14.422508Z 0 [Note] InnoDB: Starting crash recovery.
2022-11-07T14:10:15.061966Z 0 [Note] InnoDB: Removed temporary tablespace data file: "ibtmp1"
2022-11-07T14:10:15.061966Z 0 [Note] InnoDB: Creating shared tablespace for temporary tables
2022-11-07T14:10:15.062965Z 0 [Note] InnoDB: Setting file '.\ibtmp1' size to 12 MB. Physically writing the file full; Please wait ...
2022-11-07T14:10:15.074965Z 0 [Note] InnoDB: File '.\ibtmp1' size is now 12 MB.
2022-11-07T14:10:15.080965Z 0 [Note] InnoDB: 96 redo rollback segment(s) found. 96 redo rollback segment(s) are active.
2022-11-07T14:10:15.081966Z 0 [Note] InnoDB: 32 non-redo rollback segment(s) are active.
2022-11-07T14:10:15.082967Z 0 [Note] InnoDB: Waiting for purge to start
2022-11-07T14:10:15.138481Z 0 [Note] InnoDB: 5.7.11 started; log sequence number 7866635
2022-11-07T14:10:15.139482Z 0 [Note] InnoDB: Loading buffer pool(s) from C:\Uwamp_2020\bin\database\mysql-5.7.11\data\ib_buffer_pool
2022-11-07T14:10:15.139482Z 0 [Note] Plugin 'FEDERATED' is disabled.
2022-11-07T14:10:15.163481Z 0 [Warning] Failed to set up SSL because of the following SSL library error: SSL context is not usable without certificate and private key
2022-11-07T14:10:15.166481Z 0 [Note] Server hostname (bind-address): '*'; port: 3306
2022-11-07T14:10:15.166481Z 0 [Note] IPv6 is available.
2022-11-07T14:10:15.167481Z 0 [Note]   - '::' resolves to '::';
2022-11-07T14:10:15.167481Z 0 [Note] Server socket created on IP: '::'.
2022-11-07T14:10:15.177514Z 0 [Note] InnoDB: Buffer pool(s) load completed at 221107 15:10:15
2022-11-07T14:10:15.903888Z 0 [Note] Event Scheduler: Loaded 0 events
2022-11-07T14:10:15.904895Z 0 [Note] C:\Uwamp_2020\bin\database\mysql-5.7.11\bin\mysqld.exe: ready for connections.
Version: '5.7.11'  socket: ''  port: 3306  MySQL Community Server (GPL)
2022-11-07T15:27:54.442136Z 0 [Note] InnoDB: page_cleaner: 1000ms intended loop took 74094ms. The settings might not be optimal. (flushed=0 and evicted=0, during the time.)
2022-11-07T15:28:24.516034Z 0 [Note] InnoDB: page_cleaner: 1000ms intended loop took 4827ms. The settings might not be optimal. (flushed=0 and evicted=0, during the time.)
2022-11-07T15:33:41.146314Z 0 [Note] InnoDB: page_cleaner: 1000ms intended loop took 275217ms. The settings might not be optimal. (flushed=0 and evicted=0, during the time.)
2022-11-07T18:22:14.364253Z 0 [Note] InnoDB: page_cleaner: 1000ms intended loop took 7633928ms. The settings might not be optimal. (flushed=0 and evicted=0, during the time.)
2022-11-07T22:13:57.362862Z 0 [Note] InnoDB: page_cleaner: 1000ms intended loop took 5584469ms. The settings might not be optimal. (flushed=0 and evicted=0, during the time.)
2022-11-08T04:24:04.565727Z 0 [Note] InnoDB: page_cleaner: 1000ms intended loop took 18287583ms. The settings might not be optimal. (flushed=0 and evicted=0, during the time.)
2022-11-08T07:03:53.986828Z 0 [Note] InnoDB: page_cleaner: 1000ms intended loop took 558932ms. The settings might not be optimal. (flushed=0 and evicted=0, during the time.)
2022-11-08T07:10:10.983090Z 0 [Note] C:\Uwamp_2020\bin\database\mysql-5.7.11\bin\mysqld.exe: Normal shutdown

2022-11-08T07:10:10.984086Z 0 [Note] Giving 0 client threads a chance to die gracefully
2022-11-08T07:10:10.985088Z 0 [Note] Shutting down slave threads
2022-11-08T07:10:10.986087Z 0 [Note] Forcefully disconnecting 0 remaining clients
2022-11-08T07:10:10.987087Z 0 [Note] Event Scheduler: Purging the queue. 0 events
2022-11-08T07:10:10.988087Z 0 [Note] Binlog end
2022-11-08T07:10:10.995091Z 0 [Note] Shutting down plugin 'ngram'
2022-11-08T07:10:10.995091Z 0 [Note] Shutting down plugin 'partition'
2022-11-08T07:10:10.996086Z 0 [Note] Shutting down plugin 'BLACKHOLE'
2022-11-08T07:10:10.996086Z 0 [Note] Shutting down plugin 'ARCHIVE'
2022-11-08T07:10:10.997085Z 0 [Note] Shutting down plugin 'PERFORMANCE_SCHEMA'
2022-11-08T07:10:10.998086Z 0 [Note] Shutting down plugin 'MRG_MYISAM'
2022-11-08T07:10:10.998086Z 0 [Note] Shutting down plugin 'MyISAM'
2022-11-08T07:10:10.999087Z 0 [Note] Shutting down plugin 'INNODB_SYS_VIRTUAL'
2022-11-08T07:10:11.000087Z 0 [Note] Shutting down plugin 'INNODB_SYS_DATAFILES'
2022-11-08T07:10:11.001102Z 0 [Note] Shutting down plugin 'INNODB_SYS_TABLESPACES'
2022-11-08T07:10:11.002096Z 0 [Note] Shutting down plugin 'INNODB_SYS_FOREIGN_COLS'
2022-11-08T07:10:11.003102Z 0 [Note] Shutting down plugin 'INNODB_SYS_FOREIGN'
2022-11-08T07:10:11.003102Z 0 [Note] Shutting down plugin 'INNODB_SYS_FIELDS'
2022-11-08T07:10:11.004101Z 0 [Note] Shutting down plugin 'INNODB_SYS_COLUMNS'
2022-11-08T07:10:11.005095Z 0 [Note] Shutting down plugin 'INNODB_SYS_INDEXES'
2022-11-08T07:10:11.006098Z 0 [Note] Shutting down plugin 'INNODB_SYS_TABLESTATS'
2022-11-08T07:10:11.006098Z 0 [Note] Shutting down plugin 'INNODB_SYS_TABLES'
2022-11-08T07:10:11.007132Z 0 [Note] Shutting down plugin 'INNODB_FT_INDEX_TABLE'
2022-11-08T07:10:11.008127Z 0 [Note] Shutting down plugin 'INNODB_FT_INDEX_CACHE'
2022-11-08T07:10:11.009097Z 0 [Note] Shutting down plugin 'INNODB_FT_CONFIG'
2022-11-08T07:10:11.010102Z 0 [Note] Shutting down plugin 'INNODB_FT_BEING_DELETED'
2022-11-08T07:10:11.011098Z 0 [Note] Shutting down plugin 'INNODB_FT_DELETED'
2022-11-08T07:10:11.011098Z 0 [Note] Shutting down plugin 'INNODB_FT_DEFAULT_STOPWORD'
2022-11-08T07:10:11.012096Z 0 [Note] Shutting down plugin 'INNODB_METRICS'
2022-11-08T07:10:11.012096Z 0 [Note] Shutting down plugin 'INNODB_TEMP_TABLE_INFO'
2022-11-08T07:10:11.013098Z 0 [Note] Shutting down plugin 'INNODB_BUFFER_POOL_STATS'
2022-11-08T07:10:11.014097Z 0 [Note] Shutting down plugin 'INNODB_BUFFER_PAGE_LRU'
2022-11-08T07:10:11.015098Z 0 [Note] Shutting down plugin 'INNODB_BUFFER_PAGE'
2022-11-08T07:10:11.015098Z 0 [Note] Shutting down plugin 'INNODB_CMP_PER_INDEX_RESET'
2022-11-08T07:10:11.016608Z 0 [Note] Shutting down plugin 'INNODB_CMP_PER_INDEX'
2022-11-08T07:10:11.016608Z 0 [Note] Shutting down plugin 'INNODB_CMPMEM_RESET'
2022-11-08T07:10:11.017622Z 0 [Note] Shutting down plugin 'INNODB_CMPMEM'
2022-11-08T07:10:11.017622Z 0 [Note] Shutting down plugin 'INNODB_CMP_RESET'
2022-11-08T07:10:11.018617Z 0 [Note] Shutting down plugin 'INNODB_CMP'
2022-11-08T07:10:11.018617Z 0 [Note] Shutting down plugin 'INNODB_LOCK_WAITS'
2022-11-08T07:10:11.019617Z 0 [Note] Shutting down plugin 'INNODB_LOCKS'
2022-11-08T07:10:11.020620Z 0 [Note] Shutting down plugin 'INNODB_TRX'
2022-11-08T07:10:11.020620Z 0 [Note] Shutting down plugin 'InnoDB'
2022-11-08T07:10:11.021619Z 0 [Note] InnoDB: FTS optimize thread exiting.
2022-11-08T07:10:11.022641Z 0 [Note] InnoDB: Starting shutdown...
2022-11-08T07:10:11.134140Z 0 [Note] InnoDB: Dumping buffer pool(s) to C:\Uwamp_2020\bin\database\mysql-5.7.11\data\ib_buffer_pool
2022-11-08T07:10:11.137143Z 0 [Note] InnoDB: Buffer pool(s) dump completed at 221108  8:10:11
2022-11-08T07:10:12.250554Z 0 [Note] InnoDB: Shutdown completed; log sequence number 7866663
2022-11-08T07:10:12.251555Z 0 [Note] InnoDB: Removed temporary tablespace data file: "ibtmp1"
2022-11-08T07:10:12.251555Z 0 [Note] Shutting down plugin 'MEMORY'
2022-11-08T07:10:12.252555Z 0 [Note] Shutting down plugin 'CSV'
2022-11-08T07:10:12.252555Z 0 [Note] Shutting down plugin 'sha256_password'
2022-11-08T07:10:12.253553Z 0 [Note] Shutting down plugin 'mysql_native_password'
2022-11-08T07:10:12.253553Z 0 [Note] Shutting down plugin 'binlog'
2022-11-08T07:10:12.261071Z 0 [Note] C:\Uwamp_2020\bin\database\mysql-5.7.11\bin\mysqld.exe: Shutdown complete

2022-11-08T07:13:58.104730Z 0 [Warning] TIMESTAMP with implicit DEFAULT value is deprecated. Please use --explicit_defaults_for_timestamp server option (see documentation for more details).
2022-11-08T07:13:58.104730Z 0 [Warning] 'NO_ZERO_DATE', 'NO_ZERO_IN_DATE' and 'ERROR_FOR_DIVISION_BY_ZERO' sql modes should be used with strict mode. They will be merged with strict mode in a future release.
2022-11-08T07:13:58.104730Z 0 [Warning] 'NO_AUTO_CREATE_USER' sql mode was not set.
2022-11-08T07:13:58.104730Z 0 [Warning] Insecure configuration for --secure-file-priv: Current value does not restrict location of generated files. Consider setting it to a valid, non-empty path.
2022-11-08T07:13:58.105728Z 0 [ERROR] Cannot open Windows EventLog; check privileges, or start server with --log_syslog=0
2022-11-08T07:13:58.105728Z 0 [Note] C:\Uwamp_2020\bin\database\mysql-5.7.11\bin\mysqld.exe (mysqld 5.7.11) starting as process 18204 ...
2022-11-08T07:13:58.142255Z 0 [ERROR] Can't open shared library 'C:\Uwamp_2020\bin\database\mysql-5.7.11\lib\plugin\keyring_file.dll' (errno: 126 Le module spécifié est introuvable.)
2022-11-08T07:13:58.143256Z 0 [ERROR] Couldn't load plugin named 'keyring_file' with soname 'keyring_file.dll'.
2022-11-08T07:13:58.145258Z 0 [Note] InnoDB: Mutexes and rw_locks use Windows interlocked functions
2022-11-08T07:13:58.146258Z 0 [Note] InnoDB: Uses event mutexes
2022-11-08T07:13:58.146258Z 0 [Note] InnoDB: Memory barrier is not used
2022-11-08T07:13:58.147263Z 0 [Note] InnoDB: Compressed tables use zlib 1.2.3
2022-11-08T07:13:58.148260Z 0 [Note] InnoDB: Number of pools: 1
2022-11-08T07:13:58.148260Z 0 [Note] InnoDB: Not using CPU crc32 instructions
2022-11-08T07:13:58.201263Z 0 [Note] InnoDB: Initializing buffer pool, total size = 128M, instances = 1, chunk size = 128M
2022-11-08T07:13:58.210260Z 0 [Note] InnoDB: Completed initialization of buffer pool
2022-11-08T07:13:58.285108Z 0 [Note] InnoDB: Highest supported file format is Barracuda.
2022-11-08T07:13:58.888671Z 0 [Note] InnoDB: Creating shared tablespace for temporary tables
2022-11-08T07:13:58.889670Z 0 [Note] InnoDB: Setting file '.\ibtmp1' size to 12 MB. Physically writing the file full; Please wait ...
2022-11-08T07:13:58.899672Z 0 [Note] InnoDB: File '.\ibtmp1' size is now 12 MB.
2022-11-08T07:13:58.908670Z 0 [Note] InnoDB: 96 redo rollback segment(s) found. 96 redo rollback segment(s) are active.
2022-11-08T07:13:58.909671Z 0 [Note] InnoDB: 32 non-redo rollback segment(s) are active.
2022-11-08T07:13:58.910671Z 0 [Note] InnoDB: Waiting for purge to start
2022-11-08T07:13:58.974193Z 0 [Note] InnoDB: 5.7.11 started; log sequence number 7866663
2022-11-08T07:13:58.975195Z 0 [Note] InnoDB: Loading buffer pool(s) from C:\Uwamp_2020\bin\database\mysql-5.7.11\data\ib_buffer_pool
2022-11-08T07:13:58.975195Z 0 [Note] Plugin 'FEDERATED' is disabled.
2022-11-08T07:13:59.032205Z 0 [Warning] Failed to set up SSL because of the following SSL library error: SSL context is not usable without certificate and private key
2022-11-08T07:13:59.035712Z 0 [Note] Server hostname (bind-address): '*'; port: 3306
2022-11-08T07:13:59.036722Z 0 [Note] IPv6 is available.
2022-11-08T07:13:59.036722Z 0 [Note]   - '::' resolves to '::';
2022-11-08T07:13:59.037722Z 0 [Note] Server socket created on IP: '::'.
2022-11-08T07:13:59.044720Z 0 [Note] InnoDB: Buffer pool(s) load completed at 221108  8:13:59
2022-11-08T07:14:00.385106Z 0 [Note] Event Scheduler: Loaded 0 events
2022-11-08T07:14:00.386108Z 0 [Note] C:\Uwamp_2020\bin\database\mysql-5.7.11\bin\mysqld.exe: ready for connections.
Version: '5.7.11'  socket: ''  port: 3306  MySQL Community Server (GPL)
2022-11-08T12:09:33.339637Z 0 [Note] InnoDB: page_cleaner: 1000ms intended loop took 4032753ms. The settings might not be optimal. (flushed=0 and evicted=0, during the time.)
2022-11-08T12:13:07.736267Z 0 [Note] InnoDB: page_cleaner: 1000ms intended loop took 42756ms. The settings might not be optimal. (flushed=0 and evicted=0, during the time.)
2022-11-08T12:13:21.049809Z 0 [Note] InnoDB: page_cleaner: 1000ms intended loop took 5238ms. The settings might not be optimal. (flushed=0 and evicted=0, during the time.)
2022-11-08T12:13:40.055323Z 0 [Note] InnoDB: page_cleaner: 1000ms intended loop took 6896ms. The settings might not be optimal. (flushed=0 and evicted=0, during the time.)
2022-11-08T12:14:07.081949Z 0 [Note] InnoDB: page_cleaner: 1000ms intended loop took 5804ms. The settings might not be optimal. (flushed=0 and evicted=0, during the time.)
2022-11-08T12:16:23.799792Z 0 [Note] InnoDB: page_cleaner: 1000ms intended loop took 133689ms. The settings might not be optimal. (flushed=0 and evicted=0, during the time.)
2022-11-08T16:11:20.124222Z 0 [Note] InnoDB: page_cleaner: 1000ms intended loop took 10742614ms. The settings might not be optimal. (flushed=0 and evicted=0, during the time.)
2022-11-08T18:21:22.140036Z 0 [Note] InnoDB: page_cleaner: 1000ms intended loop took 7690864ms. The settings might not be optimal. (flushed=0 and evicted=0, during the time.)
2022-11-09T07:10:17.957888Z 0 [Note] InnoDB: page_cleaner: 1000ms intended loop took 34113964ms. The settings might not be optimal. (flushed=0 and evicted=0, during the time.)
2022-11-09T09:38:43.007978Z 0 [Note] InnoDB: page_cleaner: 1000ms intended loop took 4932274ms. The settings might not be optimal. (flushed=0 and evicted=0, during the time.)
2022-11-09T13:38:07.961649Z 0 [Note] InnoDB: page_cleaner: 1000ms intended loop took 9429564ms. The settings might not be optimal. (flushed=0 and evicted=0, during the time.)
2022-11-09T17:24:54.257727Z 0 [Note] InnoDB: page_cleaner: 1000ms intended loop took 1691706ms. The settings might not be optimal. (flushed=0 and evicted=0, during the time.)
2022-11-09T19:41:24.139033Z 0 [Note] InnoDB: page_cleaner: 1000ms intended loop took 1685652ms. The settings might not be optimal. (flushed=0 and evicted=0, during the time.)
2022-11-09T19:42:52.747109Z 0 [Note] InnoDB: page_cleaner: 1000ms intended loop took 4812ms. The settings might not be optimal. (flushed=0 and evicted=0, during the time.)
2022-11-09T21:44:08.411713Z 0 [Note] InnoDB: page_cleaner: 1000ms intended loop took 5481255ms. The settings might not be optimal. (flushed=0 and evicted=0, during the time.)
2022-11-10T03:00:30.610439Z 0 [Note] InnoDB: page_cleaner: 1000ms intended loop took 15710600ms. The settings might not be optimal. (flushed=0 and evicted=0, during the time.)
2022-11-10T10:05:05.956069Z 0 [Warning] TIMESTAMP with implicit DEFAULT value is deprecated. Please use --explicit_defaults_for_timestamp server option (see documentation for more details).
2022-11-10T10:05:05.956069Z 0 [Warning] 'NO_ZERO_DATE', 'NO_ZERO_IN_DATE' and 'ERROR_FOR_DIVISION_BY_ZERO' sql modes should be used with strict mode. They will be merged with strict mode in a future release.
2022-11-10T10:05:05.956069Z 0 [Warning] 'NO_AUTO_CREATE_USER' sql mode was not set.
2022-11-10T10:05:05.956069Z 0 [Warning] Insecure configuration for --secure-file-priv: Current value does not restrict location of generated files. Consider setting it to a valid, non-empty path.
2022-11-10T10:05:05.956069Z 0 [ERROR] Cannot open Windows EventLog; check privileges, or start server with --log_syslog=0
2022-11-10T10:05:05.956069Z 0 [Note] C:\Uwamp_2020\bin\database\mysql-5.7.11\bin\mysqld.exe (mysqld 5.7.11) starting as process 4348 ...
2022-11-10T10:05:06.003070Z 0 [ERROR] Can't open shared library 'C:\Uwamp_2020\bin\database\mysql-5.7.11\lib\plugin\keyring_file.dll' (errno: 126 Le module spécifié est introuvable.)
2022-11-10T10:05:06.004068Z 0 [ERROR] Couldn't load plugin named 'keyring_file' with soname 'keyring_file.dll'.
2022-11-10T10:05:06.006069Z 0 [Note] InnoDB: Mutexes and rw_locks use Windows interlocked functions
2022-11-10T10:05:06.007073Z 0 [Note] InnoDB: Uses event mutexes
2022-11-10T10:05:06.008086Z 0 [Note] InnoDB: Memory barrier is not used
2022-11-10T10:05:06.009075Z 0 [Note] InnoDB: Compressed tables use zlib 1.2.3
2022-11-10T10:05:06.010073Z 0 [Note] InnoDB: Number of pools: 1
2022-11-10T10:05:06.011070Z 0 [Note] InnoDB: Not using CPU crc32 instructions
2022-11-10T10:05:06.074607Z 0 [Note] InnoDB: Initializing buffer pool, total size = 128M, instances = 1, chunk size = 128M
2022-11-10T10:05:06.084613Z 0 [Note] InnoDB: Completed initialization of buffer pool
2022-11-10T10:05:06.149137Z 0 [Note] InnoDB: Highest supported file format is Barracuda.
2022-11-10T10:05:06.152135Z 0 [Note] InnoDB: Log scan progressed past the checkpoint lsn 7866682
2022-11-10T10:05:06.152135Z 0 [Note] InnoDB: Doing recovery: scanned up to log sequence number 7866691
2022-11-10T10:05:06.154133Z 0 [Note] InnoDB: Doing recovery: scanned up to log sequence number 7866691
2022-11-10T10:05:06.155136Z 0 [Note] InnoDB: Database was not shutdown normally!
2022-11-10T10:05:06.155136Z 0 [Note] InnoDB: Starting crash recovery.
2022-11-10T10:05:07.058899Z 0 [Note] InnoDB: Removed temporary tablespace data file: "ibtmp1"
2022-11-10T10:05:07.059900Z 0 [Note] InnoDB: Creating shared tablespace for temporary tables
2022-11-10T10:05:07.060902Z 0 [Note] InnoDB: Setting file '.\ibtmp1' size to 12 MB. Physically writing the file full; Please wait ...
2022-11-10T10:05:07.079899Z 0 [Note] InnoDB: File '.\ibtmp1' size is now 12 MB.
2022-11-10T10:05:07.089898Z 0 [Note] InnoDB: 96 redo rollback segment(s) found. 96 redo rollback segment(s) are active.
2022-11-10T10:05:07.090898Z 0 [Note] InnoDB: 32 non-redo rollback segment(s) are active.
2022-11-10T10:05:07.091897Z 0 [Note] InnoDB: Waiting for purge to start
2022-11-10T10:05:07.147951Z 0 [Note] InnoDB: 5.7.11 started; log sequence number 7866691
2022-11-10T10:05:07.148951Z 0 [Note] InnoDB: Loading buffer pool(s) from C:\Uwamp_2020\bin\database\mysql-5.7.11\data\ib_buffer_pool
2022-11-10T10:05:07.149952Z 0 [Note] Plugin 'FEDERATED' is disabled.
2022-11-10T10:05:07.195953Z 0 [Warning] Failed to set up SSL because of the following SSL library error: SSL context is not usable without certificate and private key
2022-11-10T10:05:07.199954Z 0 [Note] Server hostname (bind-address): '*'; port: 3306
2022-11-10T10:05:07.200953Z 0 [Note] IPv6 is available.
2022-11-10T10:05:07.200953Z 0 [Note] InnoDB: Buffer pool(s) load completed at 221110 11:05:07
2022-11-10T10:05:07.201952Z 0 [Note]   - '::' resolves to '::';
2022-11-10T10:05:07.202950Z 0 [Note] Server socket created on IP: '::'.
2022-11-10T10:05:08.681426Z 0 [Note] Event Scheduler: Loaded 0 events
2022-11-10T10:05:08.682427Z 0 [Note] C:\Uwamp_2020\bin\database\mysql-5.7.11\bin\mysqld.exe: ready for connections.
Version: '5.7.11'  socket: ''  port: 3306  MySQL Community Server (GPL)
2022-11-10T12:02:26.147415Z 0 [Note] InnoDB: page_cleaner: 1000ms intended loop took 4616559ms. The settings might not be optimal. (flushed=0 and evicted=0, during the time.)
2022-11-10T12:03:53.081140Z 0 [Note] C:\Uwamp_2020\bin\database\mysql-5.7.11\bin\mysqld.exe: Normal shutdown

2022-11-10T12:03:53.083137Z 0 [Note] Giving 0 client threads a chance to die gracefully
2022-11-10T12:03:53.084135Z 0 [Note] Shutting down slave threads
2022-11-10T12:03:53.084135Z 0 [Note] Forcefully disconnecting 0 remaining clients
2022-11-10T12:03:53.085137Z 0 [Note] Event Scheduler: Purging the queue. 0 events
2022-11-10T12:03:53.086133Z 0 [Note] Binlog end
2022-11-10T12:03:53.091139Z 0 [Note] Shutting down plugin 'ngram'
2022-11-10T12:03:53.091139Z 0 [Note] Shutting down plugin 'partition'
2022-11-10T12:03:53.092134Z 0 [Note] Shutting down plugin 'BLACKHOLE'
2022-11-10T12:03:53.093136Z 0 [Note] Shutting down plugin 'ARCHIVE'
2022-11-10T12:03:53.094137Z 0 [Note] Shutting down plugin 'PERFORMANCE_SCHEMA'
2022-11-10T12:03:53.095137Z 0 [Note] Shutting down plugin 'MRG_MYISAM'
2022-11-10T12:03:53.096136Z 0 [Note] Shutting down plugin 'MyISAM'
2022-11-10T12:03:53.096136Z 0 [Note] Shutting down plugin 'INNODB_SYS_VIRTUAL'
2022-11-10T12:03:53.097137Z 0 [Note] Shutting down plugin 'INNODB_SYS_DATAFILES'
2022-11-10T12:03:53.098137Z 0 [Note] Shutting down plugin 'INNODB_SYS_TABLESPACES'
2022-11-10T12:03:53.099136Z 0 [Note] Shutting down plugin 'INNODB_SYS_FOREIGN_COLS'
2022-11-10T12:03:53.100143Z 0 [Note] Shutting down plugin 'INNODB_SYS_FOREIGN'
2022-11-10T12:03:53.101139Z 0 [Note] Shutting down plugin 'INNODB_SYS_FIELDS'
2022-11-10T12:03:53.102141Z 0 [Note] Shutting down plugin 'INNODB_SYS_COLUMNS'
2022-11-10T12:03:53.103139Z 0 [Note] Shutting down plugin 'INNODB_SYS_INDEXES'
2022-11-10T12:03:53.104136Z 0 [Note] Shutting down plugin 'INNODB_SYS_TABLESTATS'
2022-11-10T12:03:53.105135Z 0 [Note] Shutting down plugin 'INNODB_SYS_TABLES'
2022-11-10T12:03:53.106133Z 0 [Note] Shutting down plugin 'INNODB_FT_INDEX_TABLE'
2022-11-10T12:03:53.107132Z 0 [Note] Shutting down plugin 'INNODB_FT_INDEX_CACHE'
2022-11-10T12:03:53.107132Z 0 [Note] Shutting down plugin 'INNODB_FT_CONFIG'
2022-11-10T12:03:53.109134Z 0 [Note] Shutting down plugin 'INNODB_FT_BEING_DELETED'
2022-11-10T12:03:53.109134Z 0 [Note] Shutting down plugin 'INNODB_FT_DELETED'
2022-11-10T12:03:53.110135Z 0 [Note] Shutting down plugin 'INNODB_FT_DEFAULT_STOPWORD'
2022-11-10T12:03:53.111135Z 0 [Note] Shutting down plugin 'INNODB_METRICS'
2022-11-10T12:03:53.112137Z 0 [Note] Shutting down plugin 'INNODB_TEMP_TABLE_INFO'
2022-11-10T12:03:53.112137Z 0 [Note] Shutting down plugin 'INNODB_BUFFER_POOL_STATS'
2022-11-10T12:03:53.113137Z 0 [Note] Shutting down plugin 'INNODB_BUFFER_PAGE_LRU'
2022-11-10T12:03:53.114136Z 0 [Note] Shutting down plugin 'INNODB_BUFFER_PAGE'
2022-11-10T12:03:53.114136Z 0 [Note] Shutting down plugin 'INNODB_CMP_PER_INDEX_RESET'
2022-11-10T12:03:53.115137Z 0 [Note] Shutting down plugin 'INNODB_CMP_PER_INDEX'
2022-11-10T12:03:53.116136Z 0 [Note] Shutting down plugin 'INNODB_CMPMEM_RESET'
2022-11-10T12:03:53.117137Z 0 [Note] Shutting down plugin 'INNODB_CMPMEM'
2022-11-10T12:03:53.118137Z 0 [Note] Shutting down plugin 'INNODB_CMP_RESET'
2022-11-10T12:03:53.118137Z 0 [Note] Shutting down plugin 'INNODB_CMP'
2022-11-10T12:03:53.119138Z 0 [Note] Shutting down plugin 'INNODB_LOCK_WAITS'
2022-11-10T12:03:53.120136Z 0 [Note] Shutting down plugin 'INNODB_LOCKS'
2022-11-10T12:03:53.121140Z 0 [Note] Shutting down plugin 'INNODB_TRX'
2022-11-10T12:03:53.121140Z 0 [Note] Shutting down plugin 'InnoDB'
2022-11-10T12:03:53.122139Z 0 [Note] InnoDB: FTS optimize thread exiting.
2022-11-10T12:03:53.123138Z 0 [Note] InnoDB: Starting shutdown...
2022-11-10T12:03:53.249137Z 0 [Note] InnoDB: Dumping buffer pool(s) to C:\Uwamp_2020\bin\database\mysql-5.7.11\data\ib_buffer_pool
2022-11-10T12:03:53.253138Z 0 [Note] InnoDB: Buffer pool(s) dump completed at 221110 13:03:53
2022-11-10T12:03:53.825863Z 0 [Note] InnoDB: Shutdown completed; log sequence number 7954925
2022-11-10T12:03:53.827861Z 0 [Note] InnoDB: Removed temporary tablespace data file: "ibtmp1"
2022-11-10T12:03:53.828864Z 0 [Note] Shutting down plugin 'MEMORY'
2022-11-10T12:03:53.828864Z 0 [Note] Shutting down plugin 'CSV'
2022-11-10T12:03:53.829864Z 0 [Note] Shutting down plugin 'sha256_password'
2022-11-10T12:03:53.830860Z 0 [Note] Shutting down plugin 'mysql_native_password'
2022-11-10T12:03:53.831862Z 0 [Note] Shutting down plugin 'binlog'
2022-11-10T12:03:53.833859Z 0 [Note] C:\Uwamp_2020\bin\database\mysql-5.7.11\bin\mysqld.exe: Shutdown complete

2022-11-12T08:07:53.070034Z 0 [Warning] TIMESTAMP with implicit DEFAULT value is deprecated. Please use --explicit_defaults_for_timestamp server option (see documentation for more details).
2022-11-12T08:07:53.070034Z 0 [Warning] 'NO_ZERO_DATE', 'NO_ZERO_IN_DATE' and 'ERROR_FOR_DIVISION_BY_ZERO' sql modes should be used with strict mode. They will be merged with strict mode in a future release.
2022-11-12T08:07:53.070034Z 0 [Warning] 'NO_AUTO_CREATE_USER' sql mode was not set.
2022-11-12T08:07:53.070034Z 0 [Warning] Insecure configuration for --secure-file-priv: Current value does not restrict location of generated files. Consider setting it to a valid, non-empty path.
2022-11-12T08:07:53.071041Z 0 [ERROR] Cannot open Windows EventLog; check privileges, or start server with --log_syslog=0
2022-11-12T08:07:53.071041Z 0 [Note] C:\Uwamp_2020\bin\database\mysql-5.7.11\bin\mysqld.exe (mysqld 5.7.11) starting as process 12296 ...
2022-11-12T08:07:53.123674Z 0 [ERROR] Can't open shared library 'C:\Uwamp_2020\bin\database\mysql-5.7.11\lib\plugin\keyring_file.dll' (errno: 126 Le module spécifié est introuvable.)
2022-11-12T08:07:53.124678Z 0 [ERROR] Couldn't load plugin named 'keyring_file' with soname 'keyring_file.dll'.
2022-11-12T08:07:53.126676Z 0 [Note] InnoDB: Mutexes and rw_locks use Windows interlocked functions
2022-11-12T08:07:53.127677Z 0 [Note] InnoDB: Uses event mutexes
2022-11-12T08:07:53.128679Z 0 [Note] InnoDB: Memory barrier is not used
2022-11-12T08:07:53.128679Z 0 [Note] InnoDB: Compressed tables use zlib 1.2.3
2022-11-12T08:07:53.129677Z 0 [Note] InnoDB: Number of pools: 1
2022-11-12T08:07:53.130672Z 0 [Note] InnoDB: Not using CPU crc32 instructions
2022-11-12T08:07:53.186727Z 0 [Note] InnoDB: Initializing buffer pool, total size = 128M, instances = 1, chunk size = 128M
2022-11-12T08:07:53.196231Z 0 [Note] InnoDB: Completed initialization of buffer pool
2022-11-12T08:07:53.278902Z 0 [Note] InnoDB: Highest supported file format is Barracuda.
2022-11-12T08:07:54.379160Z 0 [Note] InnoDB: Creating shared tablespace for temporary tables
2022-11-12T08:07:54.380160Z 0 [Note] InnoDB: Setting file '.\ibtmp1' size to 12 MB. Physically writing the file full; Please wait ...
2022-11-12T08:07:54.394169Z 0 [Note] InnoDB: File '.\ibtmp1' size is now 12 MB.
2022-11-12T08:07:54.401683Z 0 [Note] InnoDB: 96 redo rollback segment(s) found. 96 redo rollback segment(s) are active.
2022-11-12T08:07:54.402686Z 0 [Note] InnoDB: 32 non-redo rollback segment(s) are active.
2022-11-12T08:07:54.403685Z 0 [Note] InnoDB: Waiting for purge to start
2022-11-12T08:07:54.466682Z 0 [Note] InnoDB: 5.7.11 started; log sequence number 7954925
2022-11-12T08:07:54.467687Z 0 [Note] Plugin 'FEDERATED' is disabled.
2022-11-12T08:07:54.467687Z 0 [Note] InnoDB: Loading buffer pool(s) from C:\Uwamp_2020\bin\database\mysql-5.7.11\data\ib_buffer_pool
2022-11-12T08:07:54.505248Z 0 [Warning] Failed to set up SSL because of the following SSL library error: SSL context is not usable without certificate and private key
2022-11-12T08:07:54.505248Z 0 [Note] InnoDB: Buffer pool(s) load completed at 221112  9:07:54
2022-11-12T08:07:54.508246Z 0 [Note] Server hostname (bind-address): '*'; port: 3306
2022-11-12T08:07:54.508246Z 0 [Note] IPv6 is available.
2022-11-12T08:07:54.509246Z 0 [Note]   - '::' resolves to '::';
2022-11-12T08:07:54.509246Z 0 [Note] Server socket created on IP: '::'.
2022-11-12T08:07:55.643041Z 0 [Note] Event Scheduler: Loaded 0 events
2022-11-12T08:07:55.643041Z 0 [Note] C:\Uwamp_2020\bin\database\mysql-5.7.11\bin\mysqld.exe: ready for connections.
Version: '5.7.11'  socket: ''  port: 3306  MySQL Community Server (GPL)
2022-11-12T09:48:40.940661Z 0 [Note] InnoDB: page_cleaner: 1000ms intended loop took 4473614ms. The settings might not be optimal. (flushed=0 and evicted=0, during the time.)
2022-11-12T13:21:31.723347Z 0 [Note] InnoDB: page_cleaner: 1000ms intended loop took 3650356ms. The settings might not be optimal. (flushed=0 and evicted=0, during the time.)
2022-11-12T16:09:15.348189Z 0 [Note] InnoDB: page_cleaner: 1000ms intended loop took 194769ms. The settings might not be optimal. (flushed=0 and evicted=0, during the time.)
2022-11-13T08:14:09.421639Z 0 [Note] InnoDB: page_cleaner: 1000ms intended loop took 50034905ms. The settings might not be optimal. (flushed=0 and evicted=0, during the time.)
2022-11-13T13:02:01.731547Z 0 [Note] InnoDB: page_cleaner: 1000ms intended loop took 4435090ms. The settings might not be optimal. (flushed=0 and evicted=0, during the time.)
2022-11-13T14:48:40.908987Z 0 [Note] InnoDB: page_cleaner: 1000ms intended loop took 69537ms. The settings might not be optimal. (flushed=0 and evicted=0, during the time.)
2022-11-14T07:15:01.428109Z 0 [Note] InnoDB: page_cleaner: 1000ms intended loop took 54524512ms. The settings might not be optimal. (flushed=0 and evicted=0, during the time.)
2022-11-14T08:19:53.594221Z 0 [Note] InnoDB: page_cleaner: 1000ms intended loop took 271736ms. The settings might not be optimal. (flushed=0 and evicted=0, during the time.)
2022-11-14T12:19:48.896730Z 0 [Note] InnoDB: page_cleaner: 1000ms intended loop took 10071220ms. The settings might not be optimal. (flushed=0 and evicted=0, during the time.)
2022-11-14T13:01:15.784812Z 0 [Note] InnoDB: page_cleaner: 1000ms intended loop took 212025ms. The settings might not be optimal. (flushed=0 and evicted=0, during the time.)
2022-11-14T13:50:38.081602Z 0 [Warning] TIMESTAMP with implicit DEFAULT value is deprecated. Please use --explicit_defaults_for_timestamp server option (see documentation for more details).
2022-11-14T13:50:38.081602Z 0 [Warning] 'NO_ZERO_DATE', 'NO_ZERO_IN_DATE' and 'ERROR_FOR_DIVISION_BY_ZERO' sql modes should be used with strict mode. They will be merged with strict mode in a future release.
2022-11-14T13:50:38.081602Z 0 [Warning] 'NO_AUTO_CREATE_USER' sql mode was not set.
2022-11-14T13:50:38.081602Z 0 [Warning] Insecure configuration for --secure-file-priv: Current value does not restrict location of generated files. Consider setting it to a valid, non-empty path.
2022-11-14T13:50:38.081602Z 0 [ERROR] Cannot open Windows EventLog; check privileges, or start server with --log_syslog=0
2022-11-14T13:50:38.081602Z 0 [Note] C:\Uwamp_2020\bin\database\mysql-5.7.11\bin\mysqld.exe (mysqld 5.7.11) starting as process 9776 ...
2022-11-14T13:50:38.115347Z 0 [ERROR] Can't open shared library 'C:\Uwamp_2020\bin\database\mysql-5.7.11\lib\plugin\keyring_file.dll' (errno: 126 Le module spécifié est introuvable.)
2022-11-14T13:50:38.116348Z 0 [ERROR] Couldn't load plugin named 'keyring_file' with soname 'keyring_file.dll'.
2022-11-14T13:50:38.117349Z 0 [Note] InnoDB: Mutexes and rw_locks use Windows interlocked functions
2022-11-14T13:50:38.118348Z 0 [Note] InnoDB: Uses event mutexes
2022-11-14T13:50:38.118348Z 0 [Note] InnoDB: Memory barrier is not used
2022-11-14T13:50:38.119347Z 0 [Note] InnoDB: Compressed tables use zlib 1.2.3
2022-11-14T13:50:38.119347Z 0 [Note] InnoDB: Number of pools: 1
2022-11-14T13:50:38.120346Z 0 [Note] InnoDB: Not using CPU crc32 instructions
2022-11-14T13:50:38.169349Z 0 [Note] InnoDB: Initializing buffer pool, total size = 128M, instances = 1, chunk size = 128M
2022-11-14T13:50:38.180350Z 0 [Note] InnoDB: Completed initialization of buffer pool
2022-11-14T13:50:38.240879Z 0 [Note] InnoDB: Highest supported file format is Barracuda.
2022-11-14T13:50:38.242879Z 0 [Note] InnoDB: Log scan progressed past the checkpoint lsn 10412779
2022-11-14T13:50:38.243879Z 0 [Note] InnoDB: Doing recovery: scanned up to log sequence number 10412788
2022-11-14T13:50:38.244879Z 0 [Note] InnoDB: Doing recovery: scanned up to log sequence number 10412788
2022-11-14T13:50:38.245878Z 0 [Note] InnoDB: Database was not shutdown normally!
2022-11-14T13:50:38.246879Z 0 [Note] InnoDB: Starting crash recovery.
2022-11-14T13:50:39.025383Z 0 [Note] InnoDB: Removed temporary tablespace data file: "ibtmp1"
2022-11-14T13:50:39.026381Z 0 [Note] InnoDB: Creating shared tablespace for temporary tables
2022-11-14T13:50:39.027382Z 0 [Note] InnoDB: Setting file '.\ibtmp1' size to 12 MB. Physically writing the file full; Please wait ...
2022-11-14T13:50:39.041385Z 0 [Note] InnoDB: File '.\ibtmp1' size is now 12 MB.
2022-11-14T13:50:39.050387Z 0 [Note] InnoDB: 96 redo rollback segment(s) found. 96 redo rollback segment(s) are active.
2022-11-14T13:50:39.051386Z 0 [Note] InnoDB: 32 non-redo rollback segment(s) are active.
2022-11-14T13:50:39.052383Z 0 [Note] InnoDB: Waiting for purge to start
2022-11-14T13:50:39.116627Z 0 [Note] InnoDB: 5.7.11 started; log sequence number 10412788
2022-11-14T13:50:39.117627Z 0 [Note] InnoDB: Loading buffer pool(s) from C:\Uwamp_2020\bin\database\mysql-5.7.11\data\ib_buffer_pool
2022-11-14T13:50:39.117627Z 0 [Note] Plugin 'FEDERATED' is disabled.
2022-11-14T13:50:39.181630Z 0 [Warning] Failed to set up SSL because of the following SSL library error: SSL context is not usable without certificate and private key
2022-11-14T13:50:39.188635Z 0 [Note] Server hostname (bind-address): '*'; port: 3306
2022-11-14T13:50:39.188635Z 0 [Note] IPv6 is available.
2022-11-14T13:50:39.189633Z 0 [Note]   - '::' resolves to '::';
2022-11-14T13:50:39.189633Z 0 [Note] Server socket created on IP: '::'.
2022-11-14T13:50:39.208715Z 0 [Note] InnoDB: Buffer pool(s) load completed at 221114 14:50:39
2022-11-14T13:50:40.304718Z 0 [Note] Event Scheduler: Loaded 0 events
2022-11-14T13:50:40.305717Z 0 [Note] C:\Uwamp_2020\bin\database\mysql-5.7.11\bin\mysqld.exe: ready for connections.
Version: '5.7.11'  socket: ''  port: 3306  MySQL Community Server (GPL)
2022-11-14T15:01:58.080273Z 0 [Note] InnoDB: page_cleaner: 1000ms intended loop took 156122ms. The settings might not be optimal. (flushed=0 and evicted=0, during the time.)
2022-11-14T15:37:59.986350Z 0 [Note] InnoDB: page_cleaner: 1000ms intended loop took 984184ms. The settings might not be optimal. (flushed=0 and evicted=0, during the time.)
2022-11-14T16:31:00.516491Z 0 [Note] InnoDB: page_cleaner: 1000ms intended loop took 602449ms. The settings might not be optimal. (flushed=0 and evicted=0, during the time.)
2022-11-14T19:33:50.811057Z 0 [Note] InnoDB: page_cleaner: 1000ms intended loop took 8697311ms. The settings might not be optimal. (flushed=0 and evicted=0, during the time.)
2022-11-14T21:29:17.351435Z 0 [Note] InnoDB: page_cleaner: 1000ms intended loop took 1910586ms. The settings might not be optimal. (flushed=0 and evicted=0, during the time.)
2022-11-15T07:40:56.408029Z 0 [Note] InnoDB: page_cleaner: 1000ms intended loop took 36337155ms. The settings might not be optimal. (flushed=0 and evicted=0, during the time.)
2022-11-15T08:14:58.955599Z 0 [Note] InnoDB: page_cleaner: 1000ms intended loop took 938153ms. The settings might not be optimal. (flushed=0 and evicted=0, during the time.)
2022-11-15T09:40:52.579164Z 0 [Note] InnoDB: page_cleaner: 1000ms intended loop took 3744927ms. The settings might not be optimal. (flushed=0 and evicted=0, during the time.)
2022-11-15T12:31:43.976529Z 0 [Note] InnoDB: page_cleaner: 1000ms intended loop took 5391410ms. The settings might not be optimal. (flushed=0 and evicted=0, during the time.)
2022-11-15T16:58:56.301648Z 0 [Note] InnoDB: page_cleaner: 1000ms intended loop took 7550973ms. The settings might not be optimal. (flushed=0 and evicted=0, during the time.)
2022-11-15T18:36:33.950414Z 0 [Note] InnoDB: page_cleaner: 1000ms intended loop took 66342ms. The settings might not be optimal. (flushed=0 and evicted=0, during the time.)
2022-11-15T19:26:17.245640Z 0 [Note] InnoDB: page_cleaner: 1000ms intended loop took 1954235ms. The settings might not be optimal. (flushed=0 and evicted=0, during the time.)
2022-11-16T07:04:45.523602Z 0 [Note] InnoDB: page_cleaner: 1000ms intended loop took 37596991ms. The settings might not be optimal. (flushed=0 and evicted=0, during the time.)
2022-11-16T07:08:35.593730Z 0 [Note] InnoDB: page_cleaner: 1000ms intended loop took 136303ms. The settings might not be optimal. (flushed=0 and evicted=0, during the time.)
2022-11-16T08:06:13.206847Z 0 [Note] C:\Uwamp_2020\bin\database\mysql-5.7.11\bin\mysqld.exe: Normal shutdown

2022-11-16T08:06:13.207846Z 0 [Note] Giving 0 client threads a chance to die gracefully
2022-11-16T08:06:13.208847Z 0 [Note] Shutting down slave threads
2022-11-16T08:06:13.209846Z 0 [Note] Forcefully disconnecting 0 remaining clients
2022-11-16T08:06:13.210845Z 0 [Note] Event Scheduler: Purging the queue. 0 events
2022-11-16T08:06:13.211847Z 0 [Note] Binlog end
2022-11-16T08:06:13.219845Z 0 [Note] Shutting down plugin 'ngram'
2022-11-16T08:06:13.219845Z 0 [Note] Shutting down plugin 'partition'
2022-11-16T08:06:13.220855Z 0 [Note] Shutting down plugin 'BLACKHOLE'
2022-11-16T08:06:13.220855Z 0 [Note] Shutting down plugin 'ARCHIVE'
2022-11-16T08:06:13.221854Z 0 [Note] Shutting down plugin 'PERFORMANCE_SCHEMA'
2022-11-16T08:06:13.222860Z 0 [Note] Shutting down plugin 'MRG_MYISAM'
2022-11-16T08:06:13.223859Z 0 [Note] Shutting down plugin 'MyISAM'
2022-11-16T08:06:13.224854Z 0 [Note] Shutting down plugin 'INNODB_SYS_VIRTUAL'
2022-11-16T08:06:13.225864Z 0 [Note] Shutting down plugin 'INNODB_SYS_DATAFILES'
2022-11-16T08:06:13.226859Z 0 [Note] Shutting down plugin 'INNODB_SYS_TABLESPACES'
2022-11-16T08:06:13.227859Z 0 [Note] Shutting down plugin 'INNODB_SYS_FOREIGN_COLS'
2022-11-16T08:06:13.228864Z 0 [Note] Shutting down plugin 'INNODB_SYS_FOREIGN'
2022-11-16T08:06:13.229858Z 0 [Note] Shutting down plugin 'INNODB_SYS_FIELDS'
2022-11-16T08:06:13.230855Z 0 [Note] Shutting down plugin 'INNODB_SYS_COLUMNS'
2022-11-16T08:06:13.230855Z 0 [Note] Shutting down plugin 'INNODB_SYS_INDEXES'
2022-11-16T08:06:13.231854Z 0 [Note] Shutting down plugin 'INNODB_SYS_TABLESTATS'
2022-11-16T08:06:13.232857Z 0 [Note] Shutting down plugin 'INNODB_SYS_TABLES'
2022-11-16T08:06:13.232857Z 0 [Note] Shutting down plugin 'INNODB_FT_INDEX_TABLE'
2022-11-16T08:06:13.233856Z 0 [Note] Shutting down plugin 'INNODB_FT_INDEX_CACHE'
2022-11-16T08:06:13.233856Z 0 [Note] Shutting down plugin 'INNODB_FT_CONFIG'
2022-11-16T08:06:13.234856Z 0 [Note] Shutting down plugin 'INNODB_FT_BEING_DELETED'
2022-11-16T08:06:13.235368Z 0 [Note] Shutting down plugin 'INNODB_FT_DELETED'
2022-11-16T08:06:13.236379Z 0 [Note] Shutting down plugin 'INNODB_FT_DEFAULT_STOPWORD'
2022-11-16T08:06:13.236379Z 0 [Note] Shutting down plugin 'INNODB_METRICS'
2022-11-16T08:06:13.237377Z 0 [Note] Shutting down plugin 'INNODB_TEMP_TABLE_INFO'
2022-11-16T08:06:13.237377Z 0 [Note] Shutting down plugin 'INNODB_BUFFER_POOL_STATS'
2022-11-16T08:06:13.238377Z 0 [Note] Shutting down plugin 'INNODB_BUFFER_PAGE_LRU'
2022-11-16T08:06:13.239379Z 0 [Note] Shutting down plugin 'INNODB_BUFFER_PAGE'
2022-11-16T08:06:13.239379Z 0 [Note] Shutting down plugin 'INNODB_CMP_PER_INDEX_RESET'
2022-11-16T08:06:13.240378Z 0 [Note] Shutting down plugin 'INNODB_CMP_PER_INDEX'
2022-11-16T08:06:13.241377Z 0 [Note] Shutting down plugin 'INNODB_CMPMEM_RESET'
2022-11-16T08:06:13.242384Z 0 [Note] Shutting down plugin 'INNODB_CMPMEM'
2022-11-16T08:06:13.243390Z 0 [Note] Shutting down plugin 'INNODB_CMP_RESET'
2022-11-16T08:06:13.244379Z 0 [Note] Shutting down plugin 'INNODB_CMP'
2022-11-16T08:06:13.244379Z 0 [Note] Shutting down plugin 'INNODB_LOCK_WAITS'
2022-11-16T08:06:13.245377Z 0 [Note] Shutting down plugin 'INNODB_LOCKS'
2022-11-16T08:06:13.246382Z 0 [Note] Shutting down plugin 'INNODB_TRX'
2022-11-16T08:06:13.246382Z 0 [Note] Shutting down plugin 'InnoDB'
2022-11-16T08:06:13.247378Z 0 [Note] InnoDB: FTS optimize thread exiting.
2022-11-16T08:06:13.248377Z 0 [Note] InnoDB: Starting shutdown...
2022-11-16T08:06:13.350903Z 0 [Note] InnoDB: Dumping buffer pool(s) to C:\Uwamp_2020\bin\database\mysql-5.7.11\data\ib_buffer_pool
2022-11-16T08:06:13.354912Z 0 [Note] InnoDB: Buffer pool(s) dump completed at 221116  9:06:13
2022-11-16T08:06:14.624840Z 0 [Note] InnoDB: Shutdown completed; log sequence number 10626446
2022-11-16T08:06:14.627826Z 0 [Note] InnoDB: Removed temporary tablespace data file: "ibtmp1"
2022-11-16T08:06:14.628833Z 0 [Note] Shutting down plugin 'MEMORY'
2022-11-16T08:06:14.629865Z 0 [Note] Shutting down plugin 'CSV'
2022-11-16T08:06:14.630872Z 0 [Note] Shutting down plugin 'sha256_password'
2022-11-16T08:06:14.632872Z 0 [Note] Shutting down plugin 'mysql_native_password'
2022-11-16T08:06:14.633873Z 0 [Note] Shutting down plugin 'binlog'
2022-11-16T08:06:14.652359Z 0 [Note] C:\Uwamp_2020\bin\database\mysql-5.7.11\bin\mysqld.exe: Shutdown complete

2022-11-16T08:06:26.444742Z 0 [Warning] TIMESTAMP with implicit DEFAULT value is deprecated. Please use --explicit_defaults_for_timestamp server option (see documentation for more details).
2022-11-16T08:06:26.444742Z 0 [Warning] 'NO_ZERO_DATE', 'NO_ZERO_IN_DATE' and 'ERROR_FOR_DIVISION_BY_ZERO' sql modes should be used with strict mode. They will be merged with strict mode in a future release.
2022-11-16T08:06:26.445743Z 0 [Warning] 'NO_AUTO_CREATE_USER' sql mode was not set.
2022-11-16T08:06:26.445743Z 0 [Warning] Insecure configuration for --secure-file-priv: Current value does not restrict location of generated files. Consider setting it to a valid, non-empty path.
2022-11-16T08:06:26.445743Z 0 [ERROR] Cannot open Windows EventLog; check privileges, or start server with --log_syslog=0
2022-11-16T08:06:26.445743Z 0 [Note] C:\Uwamp_2020\bin\database\mysql-5.7.11\bin\mysqld.exe (mysqld 5.7.11) starting as process 20504 ...
2022-11-16T08:06:26.472741Z 0 [ERROR] Can't open shared library 'C:\Uwamp_2020\bin\database\mysql-5.7.11\lib\plugin\keyring_file.dll' (errno: 126 Le module spécifié est introuvable.)
2022-11-16T08:06:26.473743Z 0 [ERROR] Couldn't load plugin named 'keyring_file' with soname 'keyring_file.dll'.
2022-11-16T08:06:26.474742Z 0 [Note] InnoDB: Mutexes and rw_locks use Windows interlocked functions
2022-11-16T08:06:26.475744Z 0 [Note] InnoDB: Uses event mutexes
2022-11-16T08:06:26.476739Z 0 [Note] InnoDB: Memory barrier is not used
2022-11-16T08:06:26.476739Z 0 [Note] InnoDB: Compressed tables use zlib 1.2.3
2022-11-16T08:06:26.477742Z 0 [Note] InnoDB: Number of pools: 1
2022-11-16T08:06:26.477742Z 0 [Note] InnoDB: Not using CPU crc32 instructions
2022-11-16T08:06:26.528819Z 0 [Note] InnoDB: Initializing buffer pool, total size = 128M, instances = 1, chunk size = 128M
2022-11-16T08:06:26.536820Z 0 [Note] InnoDB: Completed initialization of buffer pool
2022-11-16T08:06:26.589430Z 0 [Note] InnoDB: Highest supported file format is Barracuda.
2022-11-16T08:06:27.384163Z 0 [Note] InnoDB: Creating shared tablespace for temporary tables
2022-11-16T08:06:27.385164Z 0 [Note] InnoDB: Setting file '.\ibtmp1' size to 12 MB. Physically writing the file full; Please wait ...
2022-11-16T08:06:27.398424Z 0 [Note] InnoDB: File '.\ibtmp1' size is now 12 MB.
2022-11-16T08:06:27.406434Z 0 [Note] InnoDB: 96 redo rollback segment(s) found. 96 redo rollback segment(s) are active.
2022-11-16T08:06:27.407432Z 0 [Note] InnoDB: 32 non-redo rollback segment(s) are active.
2022-11-16T08:06:27.408430Z 0 [Note] InnoDB: Waiting for purge to start
2022-11-16T08:06:27.466479Z 0 [Note] InnoDB: 5.7.11 started; log sequence number 10626446
2022-11-16T08:06:27.467480Z 0 [Note] InnoDB: Loading buffer pool(s) from C:\Uwamp_2020\bin\database\mysql-5.7.11\data\ib_buffer_pool
2022-11-16T08:06:27.467480Z 0 [Note] Plugin 'FEDERATED' is disabled.
2022-11-16T08:06:27.501517Z 0 [Note] InnoDB: Buffer pool(s) load completed at 221116  9:06:27
2022-11-16T08:06:27.505481Z 0 [Warning] Failed to set up SSL because of the following SSL library error: SSL context is not usable without certificate and private key
2022-11-16T08:06:27.509480Z 0 [Note] Server hostname (bind-address): '*'; port: 3306
2022-11-16T08:06:27.510480Z 0 [Note] IPv6 is available.
2022-11-16T08:06:27.510480Z 0 [Note]   - '::' resolves to '::';
2022-11-16T08:06:27.511478Z 0 [Note] Server socket created on IP: '::'.
2022-11-16T08:06:28.722078Z 0 [Note] Event Scheduler: Loaded 0 events
2022-11-16T08:06:28.723083Z 0 [Note] C:\Uwamp_2020\bin\database\mysql-5.7.11\bin\mysqld.exe: ready for connections.
Version: '5.7.11'  socket: ''  port: 3306  MySQL Community Server (GPL)
2022-11-16T09:40:54.189901Z 0 [Note] InnoDB: page_cleaner: 1000ms intended loop took 4958286ms. The settings might not be optimal. (flushed=0 and evicted=0, during the time.)
2022-11-16T10:57:34.793243Z 0 [Note] InnoDB: page_cleaner: 1000ms intended loop took 4001872ms. The settings might not be optimal. (flushed=0 and evicted=0, during the time.)
2022-11-16T12:16:26.610171Z 0 [Note] InnoDB: page_cleaner: 1000ms intended loop took 4493653ms. The settings might not be optimal. (flushed=0 and evicted=0, during the time.)
2022-11-16T13:14:54.926823Z 0 [Note] InnoDB: page_cleaner: 1000ms intended loop took 185334ms. The settings might not be optimal. (flushed=0 and evicted=0, during the time.)
2022-11-16T13:33:47.274527Z 0 [Note] InnoDB: page_cleaner: 1000ms intended loop took 337471ms. The settings might not be optimal. (flushed=0 and evicted=0, during the time.)
2022-11-16T13:36:49.285847Z 0 [Note] InnoDB: page_cleaner: 1000ms intended loop took 77038ms. The settings might not be optimal. (flushed=0 and evicted=0, during the time.)
2022-11-16T13:37:19.610777Z 0 [Note] InnoDB: page_cleaner: 1000ms intended loop took 26274ms. The settings might not be optimal. (flushed=0 and evicted=0, during the time.)
2022-11-16T13:38:21.274393Z 0 [Note] InnoDB: page_cleaner: 1000ms intended loop took 4149ms. The settings might not be optimal. (flushed=0 and evicted=0, during the time.)
2022-11-16T13:52:05.489377Z 0 [Note] InnoDB: page_cleaner: 1000ms intended loop took 360997ms. The settings might not be optimal. (flushed=0 and evicted=0, during the time.)
2022-11-16T15:19:05.578930Z 0 [Note] InnoDB: page_cleaner: 1000ms intended loop took 80516ms. The settings might not be optimal. (flushed=0 and evicted=0, during the time.)
2022-11-16T16:49:23.785268Z 0 [Note] InnoDB: page_cleaner: 1000ms intended loop took 1271835ms. The settings might not be optimal. (flushed=0 and evicted=0, during the time.)
2022-11-16T20:33:32.802217Z 0 [Note] InnoDB: page_cleaner: 1000ms intended loop took 604659ms. The settings might not be optimal. (flushed=0 and evicted=0, during the time.)
2022-11-16T22:53:18.247494Z 0 [Note] InnoDB: page_cleaner: 1000ms intended loop took 5636476ms. The settings might not be optimal. (flushed=0 and evicted=0, during the time.)
2022-11-17T07:46:31.223371Z 0 [Note] InnoDB: page_cleaner: 1000ms intended loop took 30919452ms. The settings might not be optimal. (flushed=0 and evicted=0, during the time.)
2022-11-17T08:05:33.501374Z 0 [Note] InnoDB: page_cleaner: 1000ms intended loop took 289961ms. The settings might not be optimal. (flushed=0 and evicted=0, during the time.)
2022-11-17T09:40:26.563189Z 0 [Note] InnoDB: page_cleaner: 1000ms intended loop took 1230086ms. The settings might not be optimal. (flushed=0 and evicted=0, during the time.)
2022-11-17T13:04:24.475211Z 0 [Note] InnoDB: page_cleaner: 1000ms intended loop took 8235304ms. The settings might not be optimal. (flushed=0 and evicted=0, during the time.)
2022-11-18T08:04:26.765507Z 0 [Warning] TIMESTAMP with implicit DEFAULT value is deprecated. Please use --explicit_defaults_for_timestamp server option (see documentation for more details).
2022-11-18T08:04:26.765507Z 0 [Warning] 'NO_ZERO_DATE', 'NO_ZERO_IN_DATE' and 'ERROR_FOR_DIVISION_BY_ZERO' sql modes should be used with strict mode. They will be merged with strict mode in a future release.
2022-11-18T08:04:26.765507Z 0 [Warning] 'NO_AUTO_CREATE_USER' sql mode was not set.
2022-11-18T08:04:26.765507Z 0 [Warning] Insecure configuration for --secure-file-priv: Current value does not restrict location of generated files. Consider setting it to a valid, non-empty path.
2022-11-18T08:04:26.765507Z 0 [ERROR] Cannot open Windows EventLog; check privileges, or start server with --log_syslog=0
2022-11-18T08:04:26.765507Z 0 [Note] C:\Uwamp_2020\bin\database\mysql-5.7.11\bin\mysqld.exe (mysqld 5.7.11) starting as process 2792 ...
2022-11-18T08:04:26.821523Z 0 [ERROR] Can't open shared library 'C:\Uwamp_2020\bin\database\mysql-5.7.11\lib\plugin\keyring_file.dll' (errno: 126 Le module spécifié est introuvable.)
2022-11-18T08:04:26.822522Z 0 [ERROR] Couldn't load plugin named 'keyring_file' with soname 'keyring_file.dll'.
2022-11-18T08:04:26.824514Z 0 [Note] InnoDB: Mutexes and rw_locks use Windows interlocked functions
2022-11-18T08:04:26.825517Z 0 [Note] InnoDB: Uses event mutexes
2022-11-18T08:04:26.826516Z 0 [Note] InnoDB: Memory barrier is not used
2022-11-18T08:04:26.827516Z 0 [Note] InnoDB: Compressed tables use zlib 1.2.3
2022-11-18T08:04:26.828516Z 0 [Note] InnoDB: Number of pools: 1
2022-11-18T08:04:26.829519Z 0 [Note] InnoDB: Not using CPU crc32 instructions
2022-11-18T08:04:26.906077Z 0 [Note] InnoDB: Initializing buffer pool, total size = 128M, instances = 1, chunk size = 128M
2022-11-18T08:04:26.920063Z 0 [Note] InnoDB: Completed initialization of buffer pool
2022-11-18T08:04:26.983593Z 0 [Note] InnoDB: Highest supported file format is Barracuda.
2022-11-18T08:04:26.985593Z 0 [Note] InnoDB: Log scan progressed past the checkpoint lsn 10626465
2022-11-18T08:04:26.986590Z 0 [Note] InnoDB: Doing recovery: scanned up to log sequence number 10626474
2022-11-18T08:04:26.987593Z 0 [Note] InnoDB: Doing recovery: scanned up to log sequence number 10626474
2022-11-18T08:04:26.988592Z 0 [Note] InnoDB: Database was not shutdown normally!
2022-11-18T08:04:26.989593Z 0 [Note] InnoDB: Starting crash recovery.
2022-11-18T08:04:27.856040Z 0 [Note] InnoDB: Removed temporary tablespace data file: "ibtmp1"
2022-11-18T08:04:27.856040Z 0 [Note] InnoDB: Creating shared tablespace for temporary tables
2022-11-18T08:04:27.857044Z 0 [Note] InnoDB: Setting file '.\ibtmp1' size to 12 MB. Physically writing the file full; Please wait ...
2022-11-18T08:04:27.866365Z 0 [Note] InnoDB: File '.\ibtmp1' size is now 12 MB.
2022-11-18T08:04:27.874362Z 0 [Note] InnoDB: 96 redo rollback segment(s) found. 96 redo rollback segment(s) are active.
2022-11-18T08:04:27.875334Z 0 [Note] InnoDB: 32 non-redo rollback segment(s) are active.
2022-11-18T08:04:27.876327Z 0 [Note] InnoDB: Waiting for purge to start
2022-11-18T08:04:27.928329Z 0 [Note] InnoDB: 5.7.11 started; log sequence number 10626474
2022-11-18T08:04:27.929329Z 0 [Note] InnoDB: Loading buffer pool(s) from C:\Uwamp_2020\bin\database\mysql-5.7.11\data\ib_buffer_pool
2022-11-18T08:04:27.930331Z 0 [Note] Plugin 'FEDERATED' is disabled.
2022-11-18T08:04:27.989478Z 0 [Note] InnoDB: Buffer pool(s) load completed at 221118  9:04:27
2022-11-18T08:04:28.005478Z 0 [Warning] Failed to set up SSL because of the following SSL library error: SSL context is not usable without certificate and private key
2022-11-18T08:04:28.012478Z 0 [Note] Server hostname (bind-address): '*'; port: 3306
2022-11-18T08:04:28.014477Z 0 [Note] IPv6 is available.
2022-11-18T08:04:28.015478Z 0 [Note]   - '::' resolves to '::';
2022-11-18T08:04:28.016528Z 0 [Note] Server socket created on IP: '::'.
2022-11-18T08:04:29.748923Z 0 [Note] Event Scheduler: Loaded 0 events
2022-11-18T08:04:29.749919Z 0 [Note] C:\Uwamp_2020\bin\database\mysql-5.7.11\bin\mysqld.exe: ready for connections.
Version: '5.7.11'  socket: ''  port: 3306  MySQL Community Server (GPL)
2022-11-18T08:20:45.578833Z 0 [Note] InnoDB: page_cleaner: 1000ms intended loop took 305293ms. The settings might not be optimal. (flushed=0 and evicted=0, during the time.)
2022-11-18T08:46:29.958593Z 0 [Note] InnoDB: page_cleaner: 1000ms intended loop took 474696ms. The settings might not be optimal. (flushed=0 and evicted=0, during the time.)
2022-11-18T09:03:24.500962Z 0 [Note] InnoDB: page_cleaner: 1000ms intended loop took 691310ms. The settings might not be optimal. (flushed=0 and evicted=0, during the time.)
2022-11-18T10:06:35.532645Z 0 [Note] InnoDB: page_cleaner: 1000ms intended loop took 2037021ms. The settings might not be optimal. (flushed=0 and evicted=0, during the time.)
2022-11-18T10:28:54.457295Z 0 [Note] C:\Uwamp_2020\bin\database\mysql-5.7.11\bin\mysqld.exe: Normal shutdown

2022-11-18T10:28:54.459294Z 0 [Note] Giving 0 client threads a chance to die gracefully
2022-11-18T10:28:54.459294Z 0 [Note] Shutting down slave threads
2022-11-18T10:28:54.460294Z 0 [Note] Forcefully disconnecting 0 remaining clients
2022-11-18T10:28:54.462297Z 0 [Note] Event Scheduler: Purging the queue. 0 events
2022-11-18T10:28:54.463295Z 0 [Note] Binlog end
2022-11-18T10:28:54.472298Z 0 [Note] Shutting down plugin 'ngram'
2022-11-18T10:28:54.473298Z 0 [Note] Shutting down plugin 'partition'
2022-11-18T10:28:54.473298Z 0 [Note] Shutting down plugin 'BLACKHOLE'
2022-11-18T10:28:54.474295Z 0 [Note] Shutting down plugin 'ARCHIVE'
2022-11-18T10:28:54.475295Z 0 [Note] Shutting down plugin 'PERFORMANCE_SCHEMA'
2022-11-18T10:28:54.476294Z 0 [Note] Shutting down plugin 'MRG_MYISAM'
2022-11-18T10:28:54.477293Z 0 [Note] Shutting down plugin 'MyISAM'
2022-11-18T10:28:54.478294Z 0 [Note] Shutting down plugin 'INNODB_SYS_VIRTUAL'
2022-11-18T10:28:54.479294Z 0 [Note] Shutting down plugin 'INNODB_SYS_DATAFILES'
2022-11-18T10:28:54.479294Z 0 [Note] Shutting down plugin 'INNODB_SYS_TABLESPACES'
2022-11-18T10:28:54.480293Z 0 [Note] Shutting down plugin 'INNODB_SYS_FOREIGN_COLS'
2022-11-18T10:28:54.481294Z 0 [Note] Shutting down plugin 'INNODB_SYS_FOREIGN'
2022-11-18T10:28:54.481294Z 0 [Note] Shutting down plugin 'INNODB_SYS_FIELDS'
2022-11-18T10:28:54.482294Z 0 [Note] Shutting down plugin 'INNODB_SYS_COLUMNS'
2022-11-18T10:28:54.483300Z 0 [Note] Shutting down plugin 'INNODB_SYS_INDEXES'
2022-11-18T10:28:54.484302Z 0 [Note] Shutting down plugin 'INNODB_SYS_TABLESTATS'
2022-11-18T10:28:54.485297Z 0 [Note] Shutting down plugin 'INNODB_SYS_TABLES'
2022-11-18T10:28:54.485297Z 0 [Note] Shutting down plugin 'INNODB_FT_INDEX_TABLE'
2022-11-18T10:28:54.486296Z 0 [Note] Shutting down plugin 'INNODB_FT_INDEX_CACHE'
2022-11-18T10:28:54.487295Z 0 [Note] Shutting down plugin 'INNODB_FT_CONFIG'
2022-11-18T10:28:54.488294Z 0 [Note] Shutting down plugin 'INNODB_FT_BEING_DELETED'
2022-11-18T10:28:54.488294Z 0 [Note] Shutting down plugin 'INNODB_FT_DELETED'
2022-11-18T10:28:54.489293Z 0 [Note] Shutting down plugin 'INNODB_FT_DEFAULT_STOPWORD'
2022-11-18T10:28:54.489293Z 0 [Note] Shutting down plugin 'INNODB_METRICS'
2022-11-18T10:28:54.490291Z 0 [Note] Shutting down plugin 'INNODB_TEMP_TABLE_INFO'
2022-11-18T10:28:54.490291Z 0 [Note] Shutting down plugin 'INNODB_BUFFER_POOL_STATS'
2022-11-18T10:28:54.491292Z 0 [Note] Shutting down plugin 'INNODB_BUFFER_PAGE_LRU'
2022-11-18T10:28:54.491292Z 0 [Note] Shutting down plugin 'INNODB_BUFFER_PAGE'
2022-11-18T10:28:54.492294Z 0 [Note] Shutting down plugin 'INNODB_CMP_PER_INDEX_RESET'
2022-11-18T10:28:54.493292Z 0 [Note] Shutting down plugin 'INNODB_CMP_PER_INDEX'
2022-11-18T10:28:54.494292Z 0 [Note] Shutting down plugin 'INNODB_CMPMEM_RESET'
2022-11-18T10:28:54.494292Z 0 [Note] Shutting down plugin 'INNODB_CMPMEM'
2022-11-18T10:28:54.495294Z 0 [Note] Shutting down plugin 'INNODB_CMP_RESET'
2022-11-18T10:28:54.496297Z 0 [Note] Shutting down plugin 'INNODB_CMP'
2022-11-18T10:28:54.496297Z 0 [Note] Shutting down plugin 'INNODB_LOCK_WAITS'
2022-11-18T10:28:54.497313Z 0 [Note] Shutting down plugin 'INNODB_LOCKS'
2022-11-18T10:28:54.497313Z 0 [Note] Shutting down plugin 'INNODB_TRX'
2022-11-18T10:28:54.498296Z 0 [Note] Shutting down plugin 'InnoDB'
2022-11-18T10:28:54.499295Z 0 [Note] InnoDB: FTS optimize thread exiting.
2022-11-18T10:28:54.500296Z 0 [Note] InnoDB: Starting shutdown...
2022-11-18T10:28:54.607827Z 0 [Note] InnoDB: Dumping buffer pool(s) to C:\Uwamp_2020\bin\database\mysql-5.7.11\data\ib_buffer_pool
2022-11-18T10:28:54.611825Z 0 [Note] InnoDB: Buffer pool(s) dump completed at 221118 11:28:54
2022-11-18T10:28:55.624674Z 0 [Note] InnoDB: Shutdown completed; log sequence number 10626502
2022-11-18T10:28:55.625673Z 0 [Note] InnoDB: Removed temporary tablespace data file: "ibtmp1"
2022-11-18T10:28:55.626673Z 0 [Note] Shutting down plugin 'MEMORY'
2022-11-18T10:28:55.627673Z 0 [Note] Shutting down plugin 'CSV'
2022-11-18T10:28:55.627673Z 0 [Note] Shutting down plugin 'sha256_password'
2022-11-18T10:28:55.632685Z 0 [Note] Shutting down plugin 'mysql_native_password'
2022-11-18T10:28:55.633685Z 0 [Note] Shutting down plugin 'binlog'
2022-11-18T10:28:55.636686Z 0 [Note] C:\Uwamp_2020\bin\database\mysql-5.7.11\bin\mysqld.exe: Shutdown complete

2022-11-18T10:40:53.194575Z 0 [Warning] TIMESTAMP with implicit DEFAULT value is deprecated. Please use --explicit_defaults_for_timestamp server option (see documentation for more details).
2022-11-18T10:40:53.194575Z 0 [Warning] 'NO_ZERO_DATE', 'NO_ZERO_IN_DATE' and 'ERROR_FOR_DIVISION_BY_ZERO' sql modes should be used with strict mode. They will be merged with strict mode in a future release.
2022-11-18T10:40:53.194575Z 0 [Warning] 'NO_AUTO_CREATE_USER' sql mode was not set.
2022-11-18T10:40:53.194575Z 0 [Warning] Insecure configuration for --secure-file-priv: Current value does not restrict location of generated files. Consider setting it to a valid, non-empty path.
2022-11-18T10:40:53.194575Z 0 [ERROR] Cannot open Windows EventLog; check privileges, or start server with --log_syslog=0
2022-11-18T10:40:53.194575Z 0 [Note] C:\GitHub\CheckYourMood\Uwamp_2020\bin\database\mysql-5.7.11\bin\mysqld.exe (mysqld 5.7.11) starting as process 23040 ...
2022-11-18T10:40:53.238574Z 0 [ERROR] Can't open shared library 'C:\GitHub\CheckYourMood\Uwamp_2020\bin\database\mysql-5.7.11\lib\plugin\keyring_file.dll' (errno: 126 Le module spécifié est introuvable.)
2022-11-18T10:40:53.239574Z 0 [ERROR] Couldn't load plugin named 'keyring_file' with soname 'keyring_file.dll'.
2022-11-18T10:40:53.241579Z 0 [Note] InnoDB: Mutexes and rw_locks use Windows interlocked functions
2022-11-18T10:40:53.242573Z 0 [Note] InnoDB: Uses event mutexes
2022-11-18T10:40:53.242573Z 0 [Note] InnoDB: Memory barrier is not used
2022-11-18T10:40:53.243571Z 0 [Note] InnoDB: Compressed tables use zlib 1.2.3
2022-11-18T10:40:53.244572Z 0 [Note] InnoDB: Number of pools: 1
2022-11-18T10:40:53.244572Z 0 [Note] InnoDB: Not using CPU crc32 instructions
2022-11-18T10:40:53.311626Z 0 [Note] InnoDB: Initializing buffer pool, total size = 128M, instances = 1, chunk size = 128M
2022-11-18T10:40:53.324662Z 0 [Note] InnoDB: Completed initialization of buffer pool
2022-11-18T10:40:53.394155Z 0 [Note] InnoDB: Highest supported file format is Barracuda.
2022-11-18T10:40:54.045354Z 0 [Note] InnoDB: Creating shared tablespace for temporary tables
2022-11-18T10:40:54.047362Z 0 [Note] InnoDB: Setting file '.\ibtmp1' size to 12 MB. Physically writing the file full; Please wait ...
2022-11-18T10:40:54.056362Z 0 [Note] InnoDB: File '.\ibtmp1' size is now 12 MB.
2022-11-18T10:40:54.066881Z 0 [Note] InnoDB: 96 redo rollback segment(s) found. 96 redo rollback segment(s) are active.
2022-11-18T10:40:54.067886Z 0 [Note] InnoDB: 32 non-redo rollback segment(s) are active.
2022-11-18T10:40:54.068885Z 0 [Note] InnoDB: Waiting for purge to start
2022-11-18T10:40:54.119914Z 0 [Note] InnoDB: 5.7.11 started; log sequence number 10626502
2022-11-18T10:40:54.120880Z 0 [Note] InnoDB: Loading buffer pool(s) from C:\GitHub\CheckYourMood\Uwamp_2020\bin\database\mysql-5.7.11\data\ib_buffer_pool
2022-11-18T10:40:54.120880Z 0 [Note] Plugin 'FEDERATED' is disabled.
2022-11-18T10:40:54.153892Z 0 [Warning] Failed to set up SSL because of the following SSL library error: SSL context is not usable without certificate and private key
2022-11-18T10:40:54.157894Z 0 [Note] Server hostname (bind-address): '*'; port: 3306
2022-11-18T10:40:54.158891Z 0 [Note] IPv6 is available.
2022-11-18T10:40:54.158891Z 0 [Note] InnoDB: Buffer pool(s) load completed at 221118 11:40:54
2022-11-18T10:40:54.158891Z 0 [Note]   - '::' resolves to '::';
2022-11-18T10:40:54.160895Z 0 [Note] Server socket created on IP: '::'.
2022-11-18T10:40:55.563886Z 0 [Note] Event Scheduler: Loaded 0 events
2022-11-18T10:40:55.564887Z 0 [Note] C:\GitHub\CheckYourMood\Uwamp_2020\bin\database\mysql-5.7.11\bin\mysqld.exe: ready for connections.
Version: '5.7.11'  socket: ''  port: 3306  MySQL Community Server (GPL)
2022-11-18T10:41:12.172358Z 2 [Note] Access denied for user 'root'@'localhost' (using password: YES)
2022-11-18T10:41:24.893375Z 3 [Note] Access denied for user 'root'@'localhost' (using password: YES)
2022-11-18T10:41:26.350889Z 4 [Note] Access denied for user 'root'@'localhost' (using password: YES)
2022-11-18T10:42:30.018578Z 8 [Note] Access denied for user 'root'@'localhost' (using password: YES)
